2021-02-07 09:32:07,108 INFO org.hibernate.validator.internal.util.Version [background-preinit] HV000001: Hibernate Validator 6.1.6.Final
2021-02-07 09:32:07,810 INFO org.springframework.boot.SpringApplication [main] No active profile set, falling back to default profiles: default
2021-02-07 09:32:09,013 INFO org.springframework.data.repository.config.RepositoryConfigurationDelegate [main] Bootstrapping Spring Data JPA repositories in DEFERRED mode.
2021-02-07 09:32:09,168 INFO org.springframework.data.repository.config.RepositoryConfigurationDelegate [main] Finished Spring Data repository scanning in 146ms. Found 3 JPA repository interfaces.
2021-02-07 09:32:09,331 WARN org.springframework.boot.actuate.endpoint.EndpointId [main] Endpoint ID 'service-registry' contains invalid characters, please migrate to a valid format.
2021-02-07 09:32:09,560 INFO org.springframework.cloud.context.scope.GenericScope [main] BeanFactory id=1fcd5db8-b656-3780-b378-6702082dec77
2021-02-07 09:32:10,207 INFO org.springframework.boot.web.embedded.tomcat.TomcatWebServer [main] Tomcat initialized with port(s): 8084 (https)
2021-02-07 09:32:10,218 INFO org.apache.juli.logging.DirectJDKLog [main] Initializing ProtocolHandler ["https-jsse-nio-8084"]
2021-02-07 09:32:10,219 INFO org.apache.juli.logging.DirectJDKLog [main] Starting service [Tomcat]
2021-02-07 09:32:10,220 INFO org.apache.juli.logging.DirectJDKLog [main] Starting Servlet engine: [Apache Tomcat/9.0.39]
2021-02-07 09:32:10,488 INFO org.apache.juli.logging.DirectJDKLog [main] Initializing Spring embedded WebApplicationContext
2021-02-07 09:32:10,488 INFO org.springframework.boot.web.servlet.context.ServletWebServerApplicationContext [main] Root WebApplicationContext: initialization completed in 2648 ms
2021-02-07 09:32:10,632 WARN com.netflix.config.sources.URLConfigurationSource [main] No URLs will be polled as dynamic configuration sources.
2021-02-07 09:32:10,633 INFO com.netflix.config.sources.URLConfigurationSource [main] To enable URLs as dynamic configuration sources, define System property archaius.configurationSource.additionalUrls or make config.properties available on classpath.
2021-02-07 09:32:10,645 INFO com.netflix.config.DynamicPropertyFactory [main] DynamicPropertyFactory is initialized with configuration sources: com.netflix.config.ConcurrentCompositeConfiguration@2ff498b0
2021-02-07 09:32:10,836 WARN org.springframework.boot.autoconfigure.orm.jpa.JpaBaseConfiguration$JpaWebConfiguration [main] spring.jpa.open-in-view is enabled by default. Therefore, database queries may be performed during view rendering. Explicitly configure spring.jpa.open-in-view to disable this warning
2021-02-07 09:32:10,959 INFO org.springframework.scheduling.concurrent.ExecutorConfigurationSupport [main] Initializing ExecutorService 'applicationTaskExecutor'
2021-02-07 09:32:11,001 INFO org.hibernate.jpa.internal.util.LogHelper [task-1] HHH000204: Processing PersistenceUnitInfo [name: default]
2021-02-07 09:32:11,112 INFO org.hibernate.Version [task-1] HHH000412: Hibernate ORM core version 5.4.23.Final
2021-02-07 09:32:11,416 INFO org.hibernate.annotations.common.reflection.java.JavaReflectionManager [task-1] HCANN000001: Hibernate Commons Annotations {5.1.2.Final}
2021-02-07 09:32:11,605 INFO com.zaxxer.hikari.HikariDataSource [task-1] HikariPool-1 - Starting...
2021-02-07 09:32:11,873 INFO com.zaxxer.hikari.HikariDataSource [task-1] HikariPool-1 - Start completed.
2021-02-07 09:32:11,891 INFO org.hibernate.dialect.Dialect [task-1] HHH000400: Using dialect: org.hibernate.dialect.MySQL5InnoDBDialect
2021-02-07 09:32:12,588 INFO org.springframework.boot.actuate.endpoint.web.EndpointLinksResolver [main] Exposing 2 endpoint(s) beneath base path '/actuator'
2021-02-07 09:32:12,614 INFO org.springframework.security.web.DefaultSecurityFilterChain [main] Creating filter chain: any request, [org.springframework.security.web.context.request.async.WebAsyncManagerIntegrationFilter@79ec57b8, org.springframework.security.web.context.SecurityContextPersistenceFilter@7fcc3745, org.springframework.security.web.header.HeaderWriterFilter@1bc6c20d, org.springframework.web.filter.CorsFilter@56ba8e8c, org.springframework.security.web.authentication.logout.LogoutFilter@559e3f67, com.ws.sep.seller.security.JwtAuthenticationFilter@6f240187, org.springframework.security.web.savedrequest.RequestCacheAwareFilter@4ef31221, org.springframework.security.web.servletapi.SecurityContextHolderAwareRequestFilter@4eac65db, org.springframework.security.web.authentication.AnonymousAuthenticationFilter@774c5e5c, org.springframework.security.web.session.SessionManagementFilter@510e4d79, org.springframework.security.web.access.ExceptionTranslationFilter@7c69e1e1, org.springframework.security.web.access.intercept.FilterSecurityInterceptor@578d472a]
2021-02-07 09:32:13,072 INFO org.hibernate.engine.transaction.jta.platform.internal.JtaPlatformInitiator [task-1] HHH000490: Using JtaPlatform implementation: [org.hibernate.engine.transaction.jta.platform.internal.NoJtaPlatform]
2021-02-07 09:32:13,078 INFO org.springframework.orm.jpa.AbstractEntityManagerFactoryBean [task-1] Initialized JPA EntityManagerFactory for persistence unit 'default'
2021-02-07 09:32:13,204 INFO com.netflix.discovery.provider.DiscoveryJerseyProvider [main] Using JSON encoding codec LegacyJacksonJson
2021-02-07 09:32:13,204 INFO com.netflix.discovery.provider.DiscoveryJerseyProvider [main] Using JSON decoding codec LegacyJacksonJson
2021-02-07 09:32:13,342 INFO com.netflix.discovery.provider.DiscoveryJerseyProvider [main] Using XML encoding codec XStreamXml
2021-02-07 09:32:13,342 INFO com.netflix.discovery.provider.DiscoveryJerseyProvider [main] Using XML decoding codec XStreamXml
2021-02-07 09:32:13,814 WARN com.netflix.config.sources.URLConfigurationSource [main] No URLs will be polled as dynamic configuration sources.
2021-02-07 09:32:13,814 INFO com.netflix.config.sources.URLConfigurationSource [main] To enable URLs as dynamic configuration sources, define System property archaius.configurationSource.additionalUrls or make config.properties available on classpath.
2021-02-07 09:32:14,337 WARN org.springframework.cloud.loadbalancer.config.BlockingLoadBalancerClientAutoConfiguration$BlockingLoadBalancerClientRibbonWarnLogger [main] You already have RibbonLoadBalancerClient on your classpath. It will be used by default. As Spring Cloud Ribbon is in maintenance mode. We recommend switching to BlockingLoadBalancerClient instead. In order to use it, set the value of `spring.cloud.loadbalancer.ribbon.enabled` to `false` or remove spring-cloud-starter-netflix-ribbon from your project.
2021-02-07 09:32:14,446 INFO org.springframework.cloud.netflix.eureka.InstanceInfoFactory [main] Setting initial instance status as: STARTING
2021-02-07 09:32:14,453 INFO com.netflix.discovery.DiscoveryClient [main] Initializing Eureka in region us-east-1
2021-02-07 09:32:14,468 INFO com.netflix.discovery.shared.resolver.aws.ConfigClusterResolver [main] Resolving eureka endpoints via configuration
2021-02-07 09:32:14,685 INFO com.netflix.discovery.DiscoveryClient [main] Disable delta property : false
2021-02-07 09:32:14,686 INFO com.netflix.discovery.DiscoveryClient [main] Single vip registry refresh property : null
2021-02-07 09:32:14,686 INFO com.netflix.discovery.DiscoveryClient [main] Force full registry fetch : false
2021-02-07 09:32:14,686 INFO com.netflix.discovery.DiscoveryClient [main] Application is null : false
2021-02-07 09:32:14,687 INFO com.netflix.discovery.DiscoveryClient [main] Registered Applications size is zero : true
2021-02-07 09:32:14,687 INFO com.netflix.discovery.DiscoveryClient [main] Application version is -1: true
2021-02-07 09:32:14,687 INFO com.netflix.discovery.DiscoveryClient [main] Getting all instance registry info from the eureka server
2021-02-07 09:32:14,909 INFO com.netflix.discovery.DiscoveryClient [main] The response status is 200
2021-02-07 09:32:14,911 INFO com.netflix.discovery.DiscoveryClient [main] Starting heartbeat executor: renew interval is: 30
2021-02-07 09:32:14,913 INFO com.netflix.discovery.InstanceInfoReplicator [main] InstanceInfoReplicator onDemand update allowed rate per min is 4
2021-02-07 09:32:14,918 INFO com.netflix.discovery.DiscoveryClient [main] Discovery Client initialized at timestamp 1612686734916 with initial instances count: 0
2021-02-07 09:32:14,921 INFO org.springframework.cloud.netflix.eureka.serviceregistry.EurekaServiceRegistry [main] Registering application SELLER with eureka with status UP
2021-02-07 09:32:14,921 INFO com.netflix.discovery.DiscoveryClient$3 [main] Saw local status change event StatusChangeEvent [timestamp=1612686734921, current=UP, previous=STARTING]
2021-02-07 09:32:14,923 INFO com.netflix.discovery.DiscoveryClient [DiscoveryClient-InstanceInfoReplicator-0] DiscoveryClient_SELLER/DESKTOP-B4MQFE7:seller:8084: registering service...
2021-02-07 09:32:14,924 INFO org.apache.juli.logging.DirectJDKLog [main] Starting ProtocolHandler ["https-jsse-nio-8084"]
2021-02-07 09:32:15,024 INFO com.netflix.discovery.DiscoveryClient [DiscoveryClient-InstanceInfoReplicator-0] DiscoveryClient_SELLER/DESKTOP-B4MQFE7:seller:8084 - registration status: 204
2021-02-07 09:32:15,323 INFO org.springframework.boot.web.embedded.tomcat.TomcatWebServer [main] Tomcat started on port(s): 8084 (https) with context path ''
2021-02-07 09:32:15,324 INFO org.springframework.cloud.netflix.eureka.serviceregistry.EurekaAutoServiceRegistration [main] Updating port to 8084
2021-02-07 09:32:15,621 INFO org.springframework.data.repository.config.DeferredRepositoryInitializationListener [main] Triggering deferred initialization of Spring Data repositories…
2021-02-07 09:32:15,911 INFO org.springframework.data.repository.config.DeferredRepositoryInitializationListener [main] Spring Data repositories initialized!
2021-02-07 09:32:15,925 INFO org.springframework.boot.StartupInfoLogger [main] Started SellerApplication in 9.759 seconds (JVM running for 10.845)
2021-02-07 09:32:16,522 INFO org.apache.juli.logging.DirectJDKLog [RMI TCP Connection(7)-192.168.0.11] Initializing Spring DispatcherServlet 'dispatcherServlet'
2021-02-07 09:32:16,522 INFO org.springframework.web.servlet.FrameworkServlet [RMI TCP Connection(7)-192.168.0.11] Initializing Servlet 'dispatcherServlet'
2021-02-07 09:32:16,530 INFO org.springframework.web.servlet.FrameworkServlet [RMI TCP Connection(7)-192.168.0.11] Completed initialization in 8 ms
2021-02-07 09:32:44,911 INFO com.netflix.discovery.DiscoveryClient [DiscoveryClient-CacheRefreshExecutor-0] Disable delta property : false
2021-02-07 09:32:44,911 INFO com.netflix.discovery.DiscoveryClient [DiscoveryClient-CacheRefreshExecutor-0] Single vip registry refresh property : null
2021-02-07 09:32:44,912 INFO com.netflix.discovery.DiscoveryClient [DiscoveryClient-CacheRefreshExecutor-0] Force full registry fetch : false
2021-02-07 09:32:44,912 INFO com.netflix.discovery.DiscoveryClient [DiscoveryClient-CacheRefreshExecutor-0] Application is null : false
2021-02-07 09:32:44,912 INFO com.netflix.discovery.DiscoveryClient [DiscoveryClient-CacheRefreshExecutor-0] Registered Applications size is zero : true
2021-02-07 09:32:44,912 INFO com.netflix.discovery.DiscoveryClient [DiscoveryClient-CacheRefreshExecutor-0] Application version is -1: false
2021-02-07 09:32:44,912 INFO com.netflix.discovery.DiscoveryClient [DiscoveryClient-CacheRefreshExecutor-0] Getting all instance registry info from the eureka server
2021-02-07 09:32:44,984 INFO com.netflix.discovery.DiscoveryClient [DiscoveryClient-CacheRefreshExecutor-0] The response status is 200
2021-02-07 09:37:14,691 INFO com.netflix.discovery.shared.resolver.aws.ConfigClusterResolver [AsyncResolver-bootstrap-executor-0] Resolving eureka endpoints via configuration
2021-02-07 09:39:37,954 INFO com.ws.sep.seller.controllers.AuthController [https-jsse-nio-8084-exec-6] INFO - /signin
2021-02-07 09:39:38,187 DEBUG org.hibernate.engine.jdbc.spi.SqlStatementLogger [https-jsse-nio-8084-exec-6] select seller0_.id as id1_1_, seller0_.created_at as created_2_1_, seller0_.email as email3_1_, seller0_.password as password4_1_, seller0_.pib as pib5_1_ from seller seller0_ where seller0_.email=?
2021-02-07 09:39:38,230 DEBUG org.hibernate.engine.jdbc.spi.SqlStatementLogger [https-jsse-nio-8084-exec-6] select types0_.seller_id as seller_i1_3_0_, types0_.type_id as type_id2_3_0_, paymenttyp1_.id as id1_4_1_, paymenttyp1_.type as type2_4_1_ from seller_types types0_ inner join types paymenttyp1_ on types0_.type_id=paymenttyp1_.id where types0_.seller_id=?
2021-02-07 09:39:38,252 DEBUG org.hibernate.engine.jdbc.spi.SqlStatementLogger [https-jsse-nio-8084-exec-6] select roles0_.seller_id as seller_i1_2_0_, roles0_.role_id as role_id2_2_0_, role1_.id as id1_0_1_, role1_.name as name2_0_1_ from seller_roles roles0_ inner join roles role1_ on roles0_.role_id=role1_.id where roles0_.seller_id=?
2021-02-07 09:39:38,630 INFO com.ws.sep.seller.services.AuthService [https-jsse-nio-8084-exec-6] Logged in to the system.
2021-02-07 09:39:38,800 DEBUG org.hibernate.engine.jdbc.spi.SqlStatementLogger [https-jsse-nio-8084-exec-3] select seller0_.id as id1_1_0_, seller0_.created_at as created_2_1_0_, seller0_.email as email3_1_0_, seller0_.password as password4_1_0_, seller0_.pib as pib5_1_0_, roles1_.seller_id as seller_i1_2_1_, role2_.id as role_id2_2_1_, role2_.id as id1_0_2_, role2_.name as name2_0_2_, types3_.seller_id as seller_i1_3_3_, paymenttyp4_.id as type_id2_3_3_, paymenttyp4_.id as id1_4_4_, paymenttyp4_.type as type2_4_4_ from seller seller0_ left outer join seller_roles roles1_ on seller0_.id=roles1_.seller_id left outer join roles role2_ on roles1_.role_id=role2_.id left outer join seller_types types3_ on seller0_.id=types3_.seller_id left outer join types paymenttyp4_ on types3_.type_id=paymenttyp4_.id where seller0_.id=?
2021-02-07 09:40:09,811 INFO com.ws.sep.seller.controllers.AuthController [https-jsse-nio-8084-exec-4] INFO - /signin
2021-02-07 09:40:09,812 DEBUG org.hibernate.engine.jdbc.spi.SqlStatementLogger [https-jsse-nio-8084-exec-4] select seller0_.id as id1_1_, seller0_.created_at as created_2_1_, seller0_.email as email3_1_, seller0_.password as password4_1_, seller0_.pib as pib5_1_ from seller seller0_ where seller0_.email=?
2021-02-07 09:40:09,813 DEBUG org.hibernate.engine.jdbc.spi.SqlStatementLogger [https-jsse-nio-8084-exec-4] select types0_.seller_id as seller_i1_3_0_, types0_.type_id as type_id2_3_0_, paymenttyp1_.id as id1_4_1_, paymenttyp1_.type as type2_4_1_ from seller_types types0_ inner join types paymenttyp1_ on types0_.type_id=paymenttyp1_.id where types0_.seller_id=?
2021-02-07 09:40:09,815 DEBUG org.hibernate.engine.jdbc.spi.SqlStatementLogger [https-jsse-nio-8084-exec-4] select roles0_.seller_id as seller_i1_2_0_, roles0_.role_id as role_id2_2_0_, role1_.id as id1_0_1_, role1_.name as name2_0_1_ from seller_roles roles0_ inner join roles role1_ on roles0_.role_id=role1_.id where roles0_.seller_id=?
2021-02-07 09:40:09,892 INFO com.ws.sep.seller.services.AuthService [https-jsse-nio-8084-exec-4] Logged in to the system.
2021-02-07 09:40:09,905 DEBUG org.hibernate.engine.jdbc.spi.SqlStatementLogger [https-jsse-nio-8084-exec-5] select seller0_.id as id1_1_0_, seller0_.created_at as created_2_1_0_, seller0_.email as email3_1_0_, seller0_.password as password4_1_0_, seller0_.pib as pib5_1_0_, roles1_.seller_id as seller_i1_2_1_, role2_.id as role_id2_2_1_, role2_.id as id1_0_2_, role2_.name as name2_0_2_, types3_.seller_id as seller_i1_3_3_, paymenttyp4_.id as type_id2_3_3_, paymenttyp4_.id as id1_4_4_, paymenttyp4_.type as type2_4_4_ from seller seller0_ left outer join seller_roles roles1_ on seller0_.id=roles1_.seller_id left outer join roles role2_ on roles1_.role_id=role2_.id left outer join seller_types types3_ on seller0_.id=types3_.seller_id left outer join types paymenttyp4_ on types3_.type_id=paymenttyp4_.id where seller0_.id=?
2021-02-07 09:42:14,700 INFO com.netflix.discovery.shared.resolver.aws.ConfigClusterResolver [AsyncResolver-bootstrap-executor-0] Resolving eureka endpoints via configuration
2021-02-07 09:47:14,703 INFO com.netflix.discovery.shared.resolver.aws.ConfigClusterResolver [AsyncResolver-bootstrap-executor-0] Resolving eureka endpoints via configuration
2021-02-07 09:52:14,715 INFO com.netflix.discovery.shared.resolver.aws.ConfigClusterResolver [AsyncResolver-bootstrap-executor-0] Resolving eureka endpoints via configuration
2021-02-07 09:57:14,717 INFO com.netflix.discovery.shared.resolver.aws.ConfigClusterResolver [AsyncResolver-bootstrap-executor-0] Resolving eureka endpoints via configuration
2021-02-07 10:01:13,935 INFO com.ws.sep.seller.controllers.AuthController [https-jsse-nio-8084-exec-3] INFO - /signin
2021-02-07 10:01:13,958 DEBUG org.hibernate.engine.jdbc.spi.SqlStatementLogger [https-jsse-nio-8084-exec-3] select seller0_.id as id1_1_, seller0_.created_at as created_2_1_, seller0_.email as email3_1_, seller0_.password as password4_1_, seller0_.pib as pib5_1_ from seller seller0_ where seller0_.email=?
2021-02-07 10:01:13,984 DEBUG org.hibernate.engine.jdbc.spi.SqlStatementLogger [https-jsse-nio-8084-exec-3] select types0_.seller_id as seller_i1_3_0_, types0_.type_id as type_id2_3_0_, paymenttyp1_.id as id1_4_1_, paymenttyp1_.type as type2_4_1_ from seller_types types0_ inner join types paymenttyp1_ on types0_.type_id=paymenttyp1_.id where types0_.seller_id=?
2021-02-07 10:01:13,990 DEBUG org.hibernate.engine.jdbc.spi.SqlStatementLogger [https-jsse-nio-8084-exec-3] select roles0_.seller_id as seller_i1_2_0_, roles0_.role_id as role_id2_2_0_, role1_.id as id1_0_1_, role1_.name as name2_0_1_ from seller_roles roles0_ inner join roles role1_ on roles0_.role_id=role1_.id where roles0_.seller_id=?
2021-02-07 10:01:14,079 INFO com.ws.sep.seller.services.AuthService [https-jsse-nio-8084-exec-3] Logged in to the system.
2021-02-07 10:01:14,170 DEBUG org.hibernate.engine.jdbc.spi.SqlStatementLogger [https-jsse-nio-8084-exec-8] select seller0_.id as id1_1_0_, seller0_.created_at as created_2_1_0_, seller0_.email as email3_1_0_, seller0_.password as password4_1_0_, seller0_.pib as pib5_1_0_, roles1_.seller_id as seller_i1_2_1_, role2_.id as role_id2_2_1_, role2_.id as id1_0_2_, role2_.name as name2_0_2_, types3_.seller_id as seller_i1_3_3_, paymenttyp4_.id as type_id2_3_3_, paymenttyp4_.id as id1_4_4_, paymenttyp4_.type as type2_4_4_ from seller seller0_ left outer join seller_roles roles1_ on seller0_.id=roles1_.seller_id left outer join roles role2_ on roles1_.role_id=role2_.id left outer join seller_types types3_ on seller0_.id=types3_.seller_id left outer join types paymenttyp4_ on types3_.type_id=paymenttyp4_.id where seller0_.id=?
2021-02-07 10:01:15,119 DEBUG org.hibernate.engine.jdbc.spi.SqlStatementLogger [https-jsse-nio-8084-exec-10] select seller0_.id as id1_1_0_, seller0_.created_at as created_2_1_0_, seller0_.email as email3_1_0_, seller0_.password as password4_1_0_, seller0_.pib as pib5_1_0_, roles1_.seller_id as seller_i1_2_1_, role2_.id as role_id2_2_1_, role2_.id as id1_0_2_, role2_.name as name2_0_2_, types3_.seller_id as seller_i1_3_3_, paymenttyp4_.id as type_id2_3_3_, paymenttyp4_.id as id1_4_4_, paymenttyp4_.type as type2_4_4_ from seller seller0_ left outer join seller_roles roles1_ on seller0_.id=roles1_.seller_id left outer join roles role2_ on roles1_.role_id=role2_.id left outer join seller_types types3_ on seller0_.id=types3_.seller_id left outer join types paymenttyp4_ on types3_.type_id=paymenttyp4_.id where seller0_.id=?
2021-02-07 10:01:15,132 DEBUG org.hibernate.engine.jdbc.spi.SqlStatementLogger [https-jsse-nio-8084-exec-9] select seller0_.id as id1_1_0_, seller0_.created_at as created_2_1_0_, seller0_.email as email3_1_0_, seller0_.password as password4_1_0_, seller0_.pib as pib5_1_0_, roles1_.seller_id as seller_i1_2_1_, role2_.id as role_id2_2_1_, role2_.id as id1_0_2_, role2_.name as name2_0_2_, types3_.seller_id as seller_i1_3_3_, paymenttyp4_.id as type_id2_3_3_, paymenttyp4_.id as id1_4_4_, paymenttyp4_.type as type2_4_4_ from seller seller0_ left outer join seller_roles roles1_ on seller0_.id=roles1_.seller_id left outer join roles role2_ on roles1_.role_id=role2_.id left outer join seller_types types3_ on seller0_.id=types3_.seller_id left outer join types paymenttyp4_ on types3_.type_id=paymenttyp4_.id where seller0_.id=?
2021-02-07 10:01:15,239 DEBUG org.hibernate.engine.jdbc.spi.SqlStatementLogger [https-jsse-nio-8084-exec-9] select seller0_.id as id1_1_0_, seller0_.created_at as created_2_1_0_, seller0_.email as email3_1_0_, seller0_.password as password4_1_0_, seller0_.pib as pib5_1_0_, roles1_.seller_id as seller_i1_2_1_, role2_.id as role_id2_2_1_, role2_.id as id1_0_2_, role2_.name as name2_0_2_, types3_.seller_id as seller_i1_3_3_, paymenttyp4_.id as type_id2_3_3_, paymenttyp4_.id as id1_4_4_, paymenttyp4_.type as type2_4_4_ from seller seller0_ left outer join seller_roles roles1_ on seller0_.id=roles1_.seller_id left outer join roles role2_ on roles1_.role_id=role2_.id left outer join seller_types types3_ on seller0_.id=types3_.seller_id left outer join types paymenttyp4_ on types3_.type_id=paymenttyp4_.id where seller0_.id=?
2021-02-07 10:01:15,257 DEBUG org.hibernate.engine.jdbc.spi.SqlStatementLogger [https-jsse-nio-8084-exec-9] select paymenttyp0_.id as id1_4_, paymenttyp0_.type as type2_4_ from types paymenttyp0_ where paymenttyp0_.type=?
2021-02-07 10:01:15,412 DEBUG org.hibernate.engine.jdbc.spi.SqlStatementLogger [https-jsse-nio-8084-exec-9] insert into seller_types (seller_id, type_id) values (?, ?)
2021-02-07 10:01:15,496 INFO com.ws.sep.seller.controllers.PaymentController [https-jsse-nio-8084-exec-9] Successful seller update.
2021-02-07 10:02:14,722 INFO com.netflix.discovery.shared.resolver.aws.ConfigClusterResolver [AsyncResolver-bootstrap-executor-0] Resolving eureka endpoints via configuration
2021-02-07 10:07:14,724 INFO com.netflix.discovery.shared.resolver.aws.ConfigClusterResolver [AsyncResolver-bootstrap-executor-0] Resolving eureka endpoints via configuration
2021-02-07 10:12:14,725 INFO com.netflix.discovery.shared.resolver.aws.ConfigClusterResolver [AsyncResolver-bootstrap-executor-0] Resolving eureka endpoints via configuration
2021-02-07 10:17:14,726 INFO com.netflix.discovery.shared.resolver.aws.ConfigClusterResolver [AsyncResolver-bootstrap-executor-0] Resolving eureka endpoints via configuration
2021-02-07 10:22:14,733 INFO com.netflix.discovery.shared.resolver.aws.ConfigClusterResolver [AsyncResolver-bootstrap-executor-0] Resolving eureka endpoints via configuration
2021-02-07 10:27:14,734 INFO com.netflix.discovery.shared.resolver.aws.ConfigClusterResolver [AsyncResolver-bootstrap-executor-0] Resolving eureka endpoints via configuration
2021-02-07 10:32:14,736 INFO com.netflix.discovery.shared.resolver.aws.ConfigClusterResolver [AsyncResolver-bootstrap-executor-0] Resolving eureka endpoints via configuration
2021-02-07 10:37:14,740 INFO com.netflix.discovery.shared.resolver.aws.ConfigClusterResolver [AsyncResolver-bootstrap-executor-0] Resolving eureka endpoints via configuration
2021-02-07 10:42:14,742 INFO com.netflix.discovery.shared.resolver.aws.ConfigClusterResolver [AsyncResolver-bootstrap-executor-0] Resolving eureka endpoints via configuration
2021-02-07 10:47:14,743 INFO com.netflix.discovery.shared.resolver.aws.ConfigClusterResolver [AsyncResolver-bootstrap-executor-0] Resolving eureka endpoints via configuration
2021-02-07 10:52:14,746 INFO com.netflix.discovery.shared.resolver.aws.ConfigClusterResolver [AsyncResolver-bootstrap-executor-0] Resolving eureka endpoints via configuration
2021-02-07 10:57:14,749 INFO com.netflix.discovery.shared.resolver.aws.ConfigClusterResolver [AsyncResolver-bootstrap-executor-0] Resolving eureka endpoints via configuration
2021-02-07 11:02:14,751 INFO com.netflix.discovery.shared.resolver.aws.ConfigClusterResolver [AsyncResolver-bootstrap-executor-0] Resolving eureka endpoints via configuration
2021-02-07 11:07:14,753 INFO com.netflix.discovery.shared.resolver.aws.ConfigClusterResolver [AsyncResolver-bootstrap-executor-0] Resolving eureka endpoints via configuration
2021-02-07 11:12:14,755 INFO com.netflix.discovery.shared.resolver.aws.ConfigClusterResolver [AsyncResolver-bootstrap-executor-0] Resolving eureka endpoints via configuration
2021-02-07 11:17:14,760 INFO com.netflix.discovery.shared.resolver.aws.ConfigClusterResolver [AsyncResolver-bootstrap-executor-0] Resolving eureka endpoints via configuration
2021-02-07 11:22:14,761 INFO com.netflix.discovery.shared.resolver.aws.ConfigClusterResolver [AsyncResolver-bootstrap-executor-0] Resolving eureka endpoints via configuration
2021-02-07 11:27:14,768 INFO com.netflix.discovery.shared.resolver.aws.ConfigClusterResolver [AsyncResolver-bootstrap-executor-0] Resolving eureka endpoints via configuration
2021-02-07 15:50:19,481 INFO org.hibernate.validator.internal.util.Version [background-preinit] HV000001: Hibernate Validator 6.1.6.Final
2021-02-07 15:50:21,213 INFO org.springframework.boot.SpringApplication [main] No active profile set, falling back to default profiles: default
2021-02-07 15:50:22,843 INFO org.springframework.data.repository.config.RepositoryConfigurationDelegate [main] Bootstrapping Spring Data JPA repositories in DEFERRED mode.
2021-02-07 15:50:22,978 INFO org.springframework.data.repository.config.RepositoryConfigurationDelegate [main] Finished Spring Data repository scanning in 126ms. Found 3 JPA repository interfaces.
2021-02-07 15:50:23,236 WARN org.springframework.boot.actuate.endpoint.EndpointId [main] Endpoint ID 'service-registry' contains invalid characters, please migrate to a valid format.
2021-02-07 15:50:23,560 INFO org.springframework.cloud.context.scope.GenericScope [main] BeanFactory id=1fcd5db8-b656-3780-b378-6702082dec77
2021-02-07 15:50:24,223 INFO org.springframework.boot.web.embedded.tomcat.TomcatWebServer [main] Tomcat initialized with port(s): 8084 (https)
2021-02-07 15:50:24,234 INFO org.apache.juli.logging.DirectJDKLog [main] Initializing ProtocolHandler ["https-jsse-nio-8084"]
2021-02-07 15:50:24,235 INFO org.apache.juli.logging.DirectJDKLog [main] Starting service [Tomcat]
2021-02-07 15:50:24,236 INFO org.apache.juli.logging.DirectJDKLog [main] Starting Servlet engine: [Apache Tomcat/9.0.39]
2021-02-07 15:50:24,556 INFO org.apache.juli.logging.DirectJDKLog [main] Initializing Spring embedded WebApplicationContext
2021-02-07 15:50:24,557 INFO org.springframework.boot.web.servlet.context.ServletWebServerApplicationContext [main] Root WebApplicationContext: initialization completed in 3317 ms
2021-02-07 15:50:24,679 WARN com.netflix.config.sources.URLConfigurationSource [main] No URLs will be polled as dynamic configuration sources.
2021-02-07 15:50:24,680 INFO com.netflix.config.sources.URLConfigurationSource [main] To enable URLs as dynamic configuration sources, define System property archaius.configurationSource.additionalUrls or make config.properties available on classpath.
2021-02-07 15:50:24,698 INFO com.netflix.config.DynamicPropertyFactory [main] DynamicPropertyFactory is initialized with configuration sources: com.netflix.config.ConcurrentCompositeConfiguration@46ab4efc
2021-02-07 15:50:24,913 WARN org.springframework.boot.autoconfigure.orm.jpa.JpaBaseConfiguration$JpaWebConfiguration [main] spring.jpa.open-in-view is enabled by default. Therefore, database queries may be performed during view rendering. Explicitly configure spring.jpa.open-in-view to disable this warning
2021-02-07 15:50:25,078 INFO org.springframework.scheduling.concurrent.ExecutorConfigurationSupport [main] Initializing ExecutorService 'applicationTaskExecutor'
2021-02-07 15:50:25,188 INFO org.hibernate.jpa.internal.util.LogHelper [task-1] HHH000204: Processing PersistenceUnitInfo [name: default]
2021-02-07 15:50:25,357 INFO org.hibernate.Version [task-1] HHH000412: Hibernate ORM core version 5.4.23.Final
2021-02-07 15:50:25,678 INFO org.hibernate.annotations.common.reflection.java.JavaReflectionManager [task-1] HCANN000001: Hibernate Commons Annotations {5.1.2.Final}
2021-02-07 15:50:26,059 INFO com.zaxxer.hikari.HikariDataSource [task-1] HikariPool-1 - Starting...
2021-02-07 15:50:26,592 INFO com.zaxxer.hikari.HikariDataSource [task-1] HikariPool-1 - Start completed.
2021-02-07 15:50:26,611 INFO org.hibernate.dialect.Dialect [task-1] HHH000400: Using dialect: org.hibernate.dialect.MySQL5InnoDBDialect
2021-02-07 15:50:27,812 INFO org.springframework.boot.actuate.endpoint.web.EndpointLinksResolver [main] Exposing 2 endpoint(s) beneath base path '/actuator'
2021-02-07 15:50:27,884 INFO org.springframework.security.web.DefaultSecurityFilterChain [main] Creating filter chain: any request, [org.springframework.security.web.context.request.async.WebAsyncManagerIntegrationFilter@7fbbdd8a, org.springframework.security.web.context.SecurityContextPersistenceFilter@2f0cab82, org.springframework.security.web.header.HeaderWriterFilter@7b52b18a, org.springframework.web.filter.CorsFilter@4e9ea32f, org.springframework.security.web.authentication.logout.LogoutFilter@21c34bf8, com.ws.sep.seller.security.JwtAuthenticationFilter@61993d18, org.springframework.security.web.savedrequest.RequestCacheAwareFilter@6d35ff7b, org.springframework.security.web.servletapi.SecurityContextHolderAwareRequestFilter@adc8683, org.springframework.security.web.authentication.AnonymousAuthenticationFilter@79ec57b8, org.springframework.security.web.session.SessionManagementFilter@714c74eb, org.springframework.security.web.access.ExceptionTranslationFilter@3f45dfec, org.springframework.security.web.access.intercept.FilterSecurityInterceptor@7296fe0b]
2021-02-07 15:50:28,036 INFO org.hibernate.engine.transaction.jta.platform.internal.JtaPlatformInitiator [task-1] HHH000490: Using JtaPlatform implementation: [org.hibernate.engine.transaction.jta.platform.internal.NoJtaPlatform]
2021-02-07 15:50:28,048 INFO org.springframework.orm.jpa.AbstractEntityManagerFactoryBean [task-1] Initialized JPA EntityManagerFactory for persistence unit 'default'
2021-02-07 15:50:28,923 INFO com.netflix.discovery.provider.DiscoveryJerseyProvider [main] Using JSON encoding codec LegacyJacksonJson
2021-02-07 15:50:28,924 INFO com.netflix.discovery.provider.DiscoveryJerseyProvider [main] Using JSON decoding codec LegacyJacksonJson
2021-02-07 15:50:29,363 INFO com.netflix.discovery.provider.DiscoveryJerseyProvider [main] Using XML encoding codec XStreamXml
2021-02-07 15:50:29,388 INFO com.netflix.discovery.provider.DiscoveryJerseyProvider [main] Using XML decoding codec XStreamXml
2021-02-07 15:50:32,074 WARN com.netflix.config.sources.URLConfigurationSource [main] No URLs will be polled as dynamic configuration sources.
2021-02-07 15:50:32,074 INFO com.netflix.config.sources.URLConfigurationSource [main] To enable URLs as dynamic configuration sources, define System property archaius.configurationSource.additionalUrls or make config.properties available on classpath.
2021-02-07 15:50:34,289 WARN org.springframework.cloud.loadbalancer.config.BlockingLoadBalancerClientAutoConfiguration$BlockingLoadBalancerClientRibbonWarnLogger [main] You already have RibbonLoadBalancerClient on your classpath. It will be used by default. As Spring Cloud Ribbon is in maintenance mode. We recommend switching to BlockingLoadBalancerClient instead. In order to use it, set the value of `spring.cloud.loadbalancer.ribbon.enabled` to `false` or remove spring-cloud-starter-netflix-ribbon from your project.
2021-02-07 15:50:34,516 INFO org.springframework.cloud.netflix.eureka.InstanceInfoFactory [main] Setting initial instance status as: STARTING
2021-02-07 15:50:34,525 INFO com.netflix.discovery.DiscoveryClient [main] Initializing Eureka in region us-east-1
2021-02-07 15:50:34,553 INFO com.netflix.discovery.shared.resolver.aws.ConfigClusterResolver [main] Resolving eureka endpoints via configuration
2021-02-07 15:50:34,824 INFO com.netflix.discovery.DiscoveryClient [main] Disable delta property : false
2021-02-07 15:50:34,824 INFO com.netflix.discovery.DiscoveryClient [main] Single vip registry refresh property : null
2021-02-07 15:50:34,824 INFO com.netflix.discovery.DiscoveryClient [main] Force full registry fetch : false
2021-02-07 15:50:34,824 INFO com.netflix.discovery.DiscoveryClient [main] Application is null : false
2021-02-07 15:50:34,824 INFO com.netflix.discovery.DiscoveryClient [main] Registered Applications size is zero : true
2021-02-07 15:50:34,824 INFO com.netflix.discovery.DiscoveryClient [main] Application version is -1: true
2021-02-07 15:50:34,824 INFO com.netflix.discovery.DiscoveryClient [main] Getting all instance registry info from the eureka server
2021-02-07 15:50:35,227 INFO com.netflix.discovery.DiscoveryClient [main] The response status is 200
2021-02-07 15:50:35,232 INFO com.netflix.discovery.DiscoveryClient [main] Starting heartbeat executor: renew interval is: 30
2021-02-07 15:50:35,235 INFO com.netflix.discovery.InstanceInfoReplicator [main] InstanceInfoReplicator onDemand update allowed rate per min is 4
2021-02-07 15:50:35,241 INFO com.netflix.discovery.DiscoveryClient [main] Discovery Client initialized at timestamp 1612709435239 with initial instances count: 2
2021-02-07 15:50:35,244 INFO org.springframework.cloud.netflix.eureka.serviceregistry.EurekaServiceRegistry [main] Registering application SELLER with eureka with status UP
2021-02-07 15:50:35,245 INFO com.netflix.discovery.DiscoveryClient$3 [main] Saw local status change event StatusChangeEvent [timestamp=1612709435245, current=UP, previous=STARTING]
2021-02-07 15:50:35,248 INFO com.netflix.discovery.DiscoveryClient [DiscoveryClient-InstanceInfoReplicator-0] DiscoveryClient_SELLER/DESKTOP-B4MQFE7:seller:8084: registering service...
2021-02-07 15:50:35,248 INFO org.apache.juli.logging.DirectJDKLog [main] Starting ProtocolHandler ["https-jsse-nio-8084"]
2021-02-07 15:50:35,287 INFO com.netflix.discovery.DiscoveryClient [DiscoveryClient-InstanceInfoReplicator-0] DiscoveryClient_SELLER/DESKTOP-B4MQFE7:seller:8084 - registration status: 204
2021-02-07 15:50:35,697 INFO org.springframework.boot.web.embedded.tomcat.TomcatWebServer [main] Tomcat started on port(s): 8084 (https) with context path ''
2021-02-07 15:50:35,698 INFO org.springframework.cloud.netflix.eureka.serviceregistry.EurekaAutoServiceRegistration [main] Updating port to 8084
2021-02-07 15:50:36,132 INFO org.springframework.data.repository.config.DeferredRepositoryInitializationListener [main] Triggering deferred initialization of Spring Data repositories…
2021-02-07 15:50:38,339 INFO org.springframework.data.repository.config.DeferredRepositoryInitializationListener [main] Spring Data repositories initialized!
2021-02-07 15:50:38,426 INFO org.springframework.boot.StartupInfoLogger [main] Started SellerApplication in 23.659 seconds (JVM running for 28.07)
2021-02-07 15:50:40,529 INFO org.apache.juli.logging.DirectJDKLog [RMI TCP Connection(4)-192.168.0.10] Initializing Spring DispatcherServlet 'dispatcherServlet'
2021-02-07 15:50:40,530 INFO org.springframework.web.servlet.FrameworkServlet [RMI TCP Connection(4)-192.168.0.10] Initializing Servlet 'dispatcherServlet'
2021-02-07 15:50:40,564 INFO org.springframework.web.servlet.FrameworkServlet [RMI TCP Connection(4)-192.168.0.10] Completed initialization in 34 ms
2021-02-07 15:55:34,827 INFO com.netflix.discovery.shared.resolver.aws.ConfigClusterResolver [AsyncResolver-bootstrap-executor-0] Resolving eureka endpoints via configuration
2021-02-07 16:00:34,829 INFO com.netflix.discovery.shared.resolver.aws.ConfigClusterResolver [AsyncResolver-bootstrap-executor-0] Resolving eureka endpoints via configuration
2021-02-07 16:05:34,831 INFO com.netflix.discovery.shared.resolver.aws.ConfigClusterResolver [AsyncResolver-bootstrap-executor-0] Resolving eureka endpoints via configuration
2021-02-07 16:10:34,833 INFO com.netflix.discovery.shared.resolver.aws.ConfigClusterResolver [AsyncResolver-bootstrap-executor-0] Resolving eureka endpoints via configuration
2021-02-07 16:15:34,836 INFO com.netflix.discovery.shared.resolver.aws.ConfigClusterResolver [AsyncResolver-bootstrap-executor-0] Resolving eureka endpoints via configuration
2021-02-07 16:20:34,837 INFO com.netflix.discovery.shared.resolver.aws.ConfigClusterResolver [AsyncResolver-bootstrap-executor-0] Resolving eureka endpoints via configuration
2021-02-07 16:25:34,839 INFO com.netflix.discovery.shared.resolver.aws.ConfigClusterResolver [AsyncResolver-bootstrap-executor-0] Resolving eureka endpoints via configuration
2021-02-07 16:30:34,842 INFO com.netflix.discovery.shared.resolver.aws.ConfigClusterResolver [AsyncResolver-bootstrap-executor-0] Resolving eureka endpoints via configuration
2021-02-07 16:35:34,845 INFO com.netflix.discovery.shared.resolver.aws.ConfigClusterResolver [AsyncResolver-bootstrap-executor-0] Resolving eureka endpoints via configuration
2021-02-07 16:40:34,847 INFO com.netflix.discovery.shared.resolver.aws.ConfigClusterResolver [AsyncResolver-bootstrap-executor-0] Resolving eureka endpoints via configuration
2021-02-07 16:45:34,849 INFO com.netflix.discovery.shared.resolver.aws.ConfigClusterResolver [AsyncResolver-bootstrap-executor-0] Resolving eureka endpoints via configuration
2021-02-07 16:50:34,851 INFO com.netflix.discovery.shared.resolver.aws.ConfigClusterResolver [AsyncResolver-bootstrap-executor-0] Resolving eureka endpoints via configuration
2021-02-07 16:55:34,852 INFO com.netflix.discovery.shared.resolver.aws.ConfigClusterResolver [AsyncResolver-bootstrap-executor-0] Resolving eureka endpoints via configuration
2021-02-07 17:00:34,863 INFO com.netflix.discovery.shared.resolver.aws.ConfigClusterResolver [AsyncResolver-bootstrap-executor-0] Resolving eureka endpoints via configuration
2021-02-07 17:05:34,867 INFO com.netflix.discovery.shared.resolver.aws.ConfigClusterResolver [AsyncResolver-bootstrap-executor-0] Resolving eureka endpoints via configuration
2021-02-07 17:10:34,870 INFO com.netflix.discovery.shared.resolver.aws.ConfigClusterResolver [AsyncResolver-bootstrap-executor-0] Resolving eureka endpoints via configuration
2021-02-07 17:15:34,871 INFO com.netflix.discovery.shared.resolver.aws.ConfigClusterResolver [AsyncResolver-bootstrap-executor-0] Resolving eureka endpoints via configuration
2021-02-07 17:15:45,613 INFO com.ws.sep.seller.controllers.AuthController [https-jsse-nio-8084-exec-6] INFO - /signin
2021-02-07 17:15:46,033 DEBUG org.hibernate.engine.jdbc.spi.SqlStatementLogger [https-jsse-nio-8084-exec-6] select seller0_.id as id1_1_, seller0_.created_at as created_2_1_, seller0_.email as email3_1_, seller0_.password as password4_1_, seller0_.pib as pib5_1_ from seller seller0_ where seller0_.email=?
2021-02-07 17:15:46,124 DEBUG org.hibernate.engine.jdbc.spi.SqlStatementLogger [https-jsse-nio-8084-exec-6] select types0_.seller_id as seller_i1_3_0_, types0_.type_id as type_id2_3_0_, paymenttyp1_.id as id1_4_1_, paymenttyp1_.type as type2_4_1_ from seller_types types0_ inner join types paymenttyp1_ on types0_.type_id=paymenttyp1_.id where types0_.seller_id=?
2021-02-07 17:15:46,157 DEBUG org.hibernate.engine.jdbc.spi.SqlStatementLogger [https-jsse-nio-8084-exec-6] select roles0_.seller_id as seller_i1_2_0_, roles0_.role_id as role_id2_2_0_, role1_.id as id1_0_1_, role1_.name as name2_0_1_ from seller_roles roles0_ inner join roles role1_ on roles0_.role_id=role1_.id where roles0_.seller_id=?
2021-02-07 17:15:46,517 INFO com.ws.sep.seller.services.AuthService [https-jsse-nio-8084-exec-6] Logged in to the system.
2021-02-07 17:15:46,867 DEBUG org.hibernate.engine.jdbc.spi.SqlStatementLogger [https-jsse-nio-8084-exec-3] select seller0_.id as id1_1_0_, seller0_.created_at as created_2_1_0_, seller0_.email as email3_1_0_, seller0_.password as password4_1_0_, seller0_.pib as pib5_1_0_, roles1_.seller_id as seller_i1_2_1_, role2_.id as role_id2_2_1_, role2_.id as id1_0_2_, role2_.name as name2_0_2_, types3_.seller_id as seller_i1_3_3_, paymenttyp4_.id as type_id2_3_3_, paymenttyp4_.id as id1_4_4_, paymenttyp4_.type as type2_4_4_ from seller seller0_ left outer join seller_roles roles1_ on seller0_.id=roles1_.seller_id left outer join roles role2_ on roles1_.role_id=role2_.id left outer join seller_types types3_ on seller0_.id=types3_.seller_id left outer join types paymenttyp4_ on types3_.type_id=paymenttyp4_.id where seller0_.id=?
2021-02-07 17:16:04,137 INFO com.ws.sep.seller.controllers.AuthController [https-jsse-nio-8084-exec-1] INFO - /signin
2021-02-07 17:16:04,139 DEBUG org.hibernate.engine.jdbc.spi.SqlStatementLogger [https-jsse-nio-8084-exec-1] select seller0_.id as id1_1_, seller0_.created_at as created_2_1_, seller0_.email as email3_1_, seller0_.password as password4_1_, seller0_.pib as pib5_1_ from seller seller0_ where seller0_.email=?
2021-02-07 17:16:04,145 DEBUG org.hibernate.engine.jdbc.spi.SqlStatementLogger [https-jsse-nio-8084-exec-1] select types0_.seller_id as seller_i1_3_0_, types0_.type_id as type_id2_3_0_, paymenttyp1_.id as id1_4_1_, paymenttyp1_.type as type2_4_1_ from seller_types types0_ inner join types paymenttyp1_ on types0_.type_id=paymenttyp1_.id where types0_.seller_id=?
2021-02-07 17:16:04,150 DEBUG org.hibernate.engine.jdbc.spi.SqlStatementLogger [https-jsse-nio-8084-exec-1] select roles0_.seller_id as seller_i1_2_0_, roles0_.role_id as role_id2_2_0_, role1_.id as id1_0_1_, role1_.name as name2_0_1_ from seller_roles roles0_ inner join roles role1_ on roles0_.role_id=role1_.id where roles0_.seller_id=?
2021-02-07 17:16:04,243 INFO com.ws.sep.seller.services.AuthService [https-jsse-nio-8084-exec-1] Logged in to the system.
2021-02-07 17:16:04,260 DEBUG org.hibernate.engine.jdbc.spi.SqlStatementLogger [https-jsse-nio-8084-exec-5] select seller0_.id as id1_1_0_, seller0_.created_at as created_2_1_0_, seller0_.email as email3_1_0_, seller0_.password as password4_1_0_, seller0_.pib as pib5_1_0_, roles1_.seller_id as seller_i1_2_1_, role2_.id as role_id2_2_1_, role2_.id as id1_0_2_, role2_.name as name2_0_2_, types3_.seller_id as seller_i1_3_3_, paymenttyp4_.id as type_id2_3_3_, paymenttyp4_.id as id1_4_4_, paymenttyp4_.type as type2_4_4_ from seller seller0_ left outer join seller_roles roles1_ on seller0_.id=roles1_.seller_id left outer join roles role2_ on roles1_.role_id=role2_.id left outer join seller_types types3_ on seller0_.id=types3_.seller_id left outer join types paymenttyp4_ on types3_.type_id=paymenttyp4_.id where seller0_.id=?
2021-02-07 17:20:34,873 INFO com.netflix.discovery.shared.resolver.aws.ConfigClusterResolver [AsyncResolver-bootstrap-executor-0] Resolving eureka endpoints via configuration
2021-02-07 17:25:34,875 INFO com.netflix.discovery.shared.resolver.aws.ConfigClusterResolver [AsyncResolver-bootstrap-executor-0] Resolving eureka endpoints via configuration
2021-02-07 17:30:34,876 INFO com.netflix.discovery.shared.resolver.aws.ConfigClusterResolver [AsyncResolver-bootstrap-executor-0] Resolving eureka endpoints via configuration
2021-02-07 17:35:34,879 INFO com.netflix.discovery.shared.resolver.aws.ConfigClusterResolver [AsyncResolver-bootstrap-executor-0] Resolving eureka endpoints via configuration
2021-02-07 17:39:12,120 INFO com.ws.sep.seller.controllers.AuthController [https-jsse-nio-8084-exec-3] INFO - /signin
2021-02-07 17:39:12,132 DEBUG org.hibernate.engine.jdbc.spi.SqlStatementLogger [https-jsse-nio-8084-exec-3] select seller0_.id as id1_1_, seller0_.created_at as created_2_1_, seller0_.email as email3_1_, seller0_.password as password4_1_, seller0_.pib as pib5_1_ from seller seller0_ where seller0_.email=?
2021-02-07 17:39:12,155 DEBUG org.hibernate.engine.jdbc.spi.SqlStatementLogger [https-jsse-nio-8084-exec-3] select types0_.seller_id as seller_i1_3_0_, types0_.type_id as type_id2_3_0_, paymenttyp1_.id as id1_4_1_, paymenttyp1_.type as type2_4_1_ from seller_types types0_ inner join types paymenttyp1_ on types0_.type_id=paymenttyp1_.id where types0_.seller_id=?
2021-02-07 17:39:12,169 DEBUG org.hibernate.engine.jdbc.spi.SqlStatementLogger [https-jsse-nio-8084-exec-3] select roles0_.seller_id as seller_i1_2_0_, roles0_.role_id as role_id2_2_0_, role1_.id as id1_0_1_, role1_.name as name2_0_1_ from seller_roles roles0_ inner join roles role1_ on roles0_.role_id=role1_.id where roles0_.seller_id=?
2021-02-07 17:39:12,263 INFO com.ws.sep.seller.services.AuthService [https-jsse-nio-8084-exec-3] Logged in to the system.
2021-02-07 17:39:12,314 DEBUG org.hibernate.engine.jdbc.spi.SqlStatementLogger [https-jsse-nio-8084-exec-7] select seller0_.id as id1_1_0_, seller0_.created_at as created_2_1_0_, seller0_.email as email3_1_0_, seller0_.password as password4_1_0_, seller0_.pib as pib5_1_0_, roles1_.seller_id as seller_i1_2_1_, role2_.id as role_id2_2_1_, role2_.id as id1_0_2_, role2_.name as name2_0_2_, types3_.seller_id as seller_i1_3_3_, paymenttyp4_.id as type_id2_3_3_, paymenttyp4_.id as id1_4_4_, paymenttyp4_.type as type2_4_4_ from seller seller0_ left outer join seller_roles roles1_ on seller0_.id=roles1_.seller_id left outer join roles role2_ on roles1_.role_id=role2_.id left outer join seller_types types3_ on seller0_.id=types3_.seller_id left outer join types paymenttyp4_ on types3_.type_id=paymenttyp4_.id where seller0_.id=?
2021-02-07 17:40:34,881 INFO com.netflix.discovery.shared.resolver.aws.ConfigClusterResolver [AsyncResolver-bootstrap-executor-0] Resolving eureka endpoints via configuration
2021-02-07 17:45:34,882 INFO com.netflix.discovery.shared.resolver.aws.ConfigClusterResolver [AsyncResolver-bootstrap-executor-0] Resolving eureka endpoints via configuration
2021-02-07 17:45:47,209 INFO com.ws.sep.seller.controllers.AuthController [https-jsse-nio-8084-exec-5] INFO - /signin
2021-02-07 17:45:47,209 DEBUG org.hibernate.engine.jdbc.spi.SqlStatementLogger [https-jsse-nio-8084-exec-5] select seller0_.id as id1_1_, seller0_.created_at as created_2_1_, seller0_.email as email3_1_, seller0_.password as password4_1_, seller0_.pib as pib5_1_ from seller seller0_ where seller0_.email=?
2021-02-07 17:45:47,212 DEBUG org.hibernate.engine.jdbc.spi.SqlStatementLogger [https-jsse-nio-8084-exec-5] select types0_.seller_id as seller_i1_3_0_, types0_.type_id as type_id2_3_0_, paymenttyp1_.id as id1_4_1_, paymenttyp1_.type as type2_4_1_ from seller_types types0_ inner join types paymenttyp1_ on types0_.type_id=paymenttyp1_.id where types0_.seller_id=?
2021-02-07 17:45:47,213 DEBUG org.hibernate.engine.jdbc.spi.SqlStatementLogger [https-jsse-nio-8084-exec-5] select roles0_.seller_id as seller_i1_2_0_, roles0_.role_id as role_id2_2_0_, role1_.id as id1_0_1_, role1_.name as name2_0_1_ from seller_roles roles0_ inner join roles role1_ on roles0_.role_id=role1_.id where roles0_.seller_id=?
2021-02-07 17:45:47,290 INFO com.ws.sep.seller.services.AuthService [https-jsse-nio-8084-exec-5] Logged in to the system.
2021-02-07 17:45:47,463 DEBUG org.hibernate.engine.jdbc.spi.SqlStatementLogger [https-jsse-nio-8084-exec-9] select seller0_.id as id1_1_0_, seller0_.created_at as created_2_1_0_, seller0_.email as email3_1_0_, seller0_.password as password4_1_0_, seller0_.pib as pib5_1_0_, roles1_.seller_id as seller_i1_2_1_, role2_.id as role_id2_2_1_, role2_.id as id1_0_2_, role2_.name as name2_0_2_, types3_.seller_id as seller_i1_3_3_, paymenttyp4_.id as type_id2_3_3_, paymenttyp4_.id as id1_4_4_, paymenttyp4_.type as type2_4_4_ from seller seller0_ left outer join seller_roles roles1_ on seller0_.id=roles1_.seller_id left outer join roles role2_ on roles1_.role_id=role2_.id left outer join seller_types types3_ on seller0_.id=types3_.seller_id left outer join types paymenttyp4_ on types3_.type_id=paymenttyp4_.id where seller0_.id=?
2021-02-07 17:46:05,221 INFO com.ws.sep.seller.controllers.AuthController [https-jsse-nio-8084-exec-10] INFO - /signin
2021-02-07 17:46:05,222 DEBUG org.hibernate.engine.jdbc.spi.SqlStatementLogger [https-jsse-nio-8084-exec-10] select seller0_.id as id1_1_, seller0_.created_at as created_2_1_, seller0_.email as email3_1_, seller0_.password as password4_1_, seller0_.pib as pib5_1_ from seller seller0_ where seller0_.email=?
2021-02-07 17:46:05,223 DEBUG org.hibernate.engine.jdbc.spi.SqlStatementLogger [https-jsse-nio-8084-exec-10] select types0_.seller_id as seller_i1_3_0_, types0_.type_id as type_id2_3_0_, paymenttyp1_.id as id1_4_1_, paymenttyp1_.type as type2_4_1_ from seller_types types0_ inner join types paymenttyp1_ on types0_.type_id=paymenttyp1_.id where types0_.seller_id=?
2021-02-07 17:46:05,225 DEBUG org.hibernate.engine.jdbc.spi.SqlStatementLogger [https-jsse-nio-8084-exec-10] select roles0_.seller_id as seller_i1_2_0_, roles0_.role_id as role_id2_2_0_, role1_.id as id1_0_1_, role1_.name as name2_0_1_ from seller_roles roles0_ inner join roles role1_ on roles0_.role_id=role1_.id where roles0_.seller_id=?
2021-02-07 17:46:05,319 INFO com.ws.sep.seller.services.AuthService [https-jsse-nio-8084-exec-10] Logged in to the system.
2021-02-07 17:46:05,331 DEBUG org.hibernate.engine.jdbc.spi.SqlStatementLogger [https-jsse-nio-8084-exec-2] select seller0_.id as id1_1_0_, seller0_.created_at as created_2_1_0_, seller0_.email as email3_1_0_, seller0_.password as password4_1_0_, seller0_.pib as pib5_1_0_, roles1_.seller_id as seller_i1_2_1_, role2_.id as role_id2_2_1_, role2_.id as id1_0_2_, role2_.name as name2_0_2_, types3_.seller_id as seller_i1_3_3_, paymenttyp4_.id as type_id2_3_3_, paymenttyp4_.id as id1_4_4_, paymenttyp4_.type as type2_4_4_ from seller seller0_ left outer join seller_roles roles1_ on seller0_.id=roles1_.seller_id left outer join roles role2_ on roles1_.role_id=role2_.id left outer join seller_types types3_ on seller0_.id=types3_.seller_id left outer join types paymenttyp4_ on types3_.type_id=paymenttyp4_.id where seller0_.id=?
2021-02-07 17:47:40,272 INFO com.ws.sep.seller.controllers.AuthController [https-jsse-nio-8084-exec-9] INFO - /signin
2021-02-07 17:47:40,273 DEBUG org.hibernate.engine.jdbc.spi.SqlStatementLogger [https-jsse-nio-8084-exec-9] select seller0_.id as id1_1_, seller0_.created_at as created_2_1_, seller0_.email as email3_1_, seller0_.password as password4_1_, seller0_.pib as pib5_1_ from seller seller0_ where seller0_.email=?
2021-02-07 17:47:40,276 DEBUG org.hibernate.engine.jdbc.spi.SqlStatementLogger [https-jsse-nio-8084-exec-9] select types0_.seller_id as seller_i1_3_0_, types0_.type_id as type_id2_3_0_, paymenttyp1_.id as id1_4_1_, paymenttyp1_.type as type2_4_1_ from seller_types types0_ inner join types paymenttyp1_ on types0_.type_id=paymenttyp1_.id where types0_.seller_id=?
2021-02-07 17:47:40,279 DEBUG org.hibernate.engine.jdbc.spi.SqlStatementLogger [https-jsse-nio-8084-exec-9] select roles0_.seller_id as seller_i1_2_0_, roles0_.role_id as role_id2_2_0_, role1_.id as id1_0_1_, role1_.name as name2_0_1_ from seller_roles roles0_ inner join roles role1_ on roles0_.role_id=role1_.id where roles0_.seller_id=?
2021-02-07 17:47:40,368 INFO com.ws.sep.seller.services.AuthService [https-jsse-nio-8084-exec-9] Logged in to the system.
2021-02-07 17:47:40,404 DEBUG org.hibernate.engine.jdbc.spi.SqlStatementLogger [https-jsse-nio-8084-exec-4] select seller0_.id as id1_1_0_, seller0_.created_at as created_2_1_0_, seller0_.email as email3_1_0_, seller0_.password as password4_1_0_, seller0_.pib as pib5_1_0_, roles1_.seller_id as seller_i1_2_1_, role2_.id as role_id2_2_1_, role2_.id as id1_0_2_, role2_.name as name2_0_2_, types3_.seller_id as seller_i1_3_3_, paymenttyp4_.id as type_id2_3_3_, paymenttyp4_.id as id1_4_4_, paymenttyp4_.type as type2_4_4_ from seller seller0_ left outer join seller_roles roles1_ on seller0_.id=roles1_.seller_id left outer join roles role2_ on roles1_.role_id=role2_.id left outer join seller_types types3_ on seller0_.id=types3_.seller_id left outer join types paymenttyp4_ on types3_.type_id=paymenttyp4_.id where seller0_.id=?
2021-02-07 17:48:13,513 INFO com.ws.sep.seller.controllers.AuthController [https-jsse-nio-8084-exec-1] INFO - /signin
2021-02-07 17:48:13,514 DEBUG org.hibernate.engine.jdbc.spi.SqlStatementLogger [https-jsse-nio-8084-exec-1] select seller0_.id as id1_1_, seller0_.created_at as created_2_1_, seller0_.email as email3_1_, seller0_.password as password4_1_, seller0_.pib as pib5_1_ from seller seller0_ where seller0_.email=?
2021-02-07 17:48:13,521 DEBUG org.hibernate.engine.jdbc.spi.SqlStatementLogger [https-jsse-nio-8084-exec-1] select types0_.seller_id as seller_i1_3_0_, types0_.type_id as type_id2_3_0_, paymenttyp1_.id as id1_4_1_, paymenttyp1_.type as type2_4_1_ from seller_types types0_ inner join types paymenttyp1_ on types0_.type_id=paymenttyp1_.id where types0_.seller_id=?
2021-02-07 17:48:13,523 DEBUG org.hibernate.engine.jdbc.spi.SqlStatementLogger [https-jsse-nio-8084-exec-1] select roles0_.seller_id as seller_i1_2_0_, roles0_.role_id as role_id2_2_0_, role1_.id as id1_0_1_, role1_.name as name2_0_1_ from seller_roles roles0_ inner join roles role1_ on roles0_.role_id=role1_.id where roles0_.seller_id=?
2021-02-07 17:48:13,609 INFO com.ws.sep.seller.services.AuthService [https-jsse-nio-8084-exec-1] Logged in to the system.
2021-02-07 17:48:13,622 DEBUG org.hibernate.engine.jdbc.spi.SqlStatementLogger [https-jsse-nio-8084-exec-5] select seller0_.id as id1_1_0_, seller0_.created_at as created_2_1_0_, seller0_.email as email3_1_0_, seller0_.password as password4_1_0_, seller0_.pib as pib5_1_0_, roles1_.seller_id as seller_i1_2_1_, role2_.id as role_id2_2_1_, role2_.id as id1_0_2_, role2_.name as name2_0_2_, types3_.seller_id as seller_i1_3_3_, paymenttyp4_.id as type_id2_3_3_, paymenttyp4_.id as id1_4_4_, paymenttyp4_.type as type2_4_4_ from seller seller0_ left outer join seller_roles roles1_ on seller0_.id=roles1_.seller_id left outer join roles role2_ on roles1_.role_id=role2_.id left outer join seller_types types3_ on seller0_.id=types3_.seller_id left outer join types paymenttyp4_ on types3_.type_id=paymenttyp4_.id where seller0_.id=?
2021-02-07 17:48:37,026 INFO com.ws.sep.seller.controllers.AuthController [https-jsse-nio-8084-exec-6] INFO - /signin
2021-02-07 17:48:37,027 DEBUG org.hibernate.engine.jdbc.spi.SqlStatementLogger [https-jsse-nio-8084-exec-6] select seller0_.id as id1_1_, seller0_.created_at as created_2_1_, seller0_.email as email3_1_, seller0_.password as password4_1_, seller0_.pib as pib5_1_ from seller seller0_ where seller0_.email=?
2021-02-07 17:48:37,029 DEBUG org.hibernate.engine.jdbc.spi.SqlStatementLogger [https-jsse-nio-8084-exec-6] select types0_.seller_id as seller_i1_3_0_, types0_.type_id as type_id2_3_0_, paymenttyp1_.id as id1_4_1_, paymenttyp1_.type as type2_4_1_ from seller_types types0_ inner join types paymenttyp1_ on types0_.type_id=paymenttyp1_.id where types0_.seller_id=?
2021-02-07 17:48:37,031 DEBUG org.hibernate.engine.jdbc.spi.SqlStatementLogger [https-jsse-nio-8084-exec-6] select roles0_.seller_id as seller_i1_2_0_, roles0_.role_id as role_id2_2_0_, role1_.id as id1_0_1_, role1_.name as name2_0_1_ from seller_roles roles0_ inner join roles role1_ on roles0_.role_id=role1_.id where roles0_.seller_id=?
2021-02-07 17:48:37,116 INFO com.ws.sep.seller.services.AuthService [https-jsse-nio-8084-exec-6] Logged in to the system.
2021-02-07 17:48:37,160 DEBUG org.hibernate.engine.jdbc.spi.SqlStatementLogger [https-jsse-nio-8084-exec-7] select seller0_.id as id1_1_0_, seller0_.created_at as created_2_1_0_, seller0_.email as email3_1_0_, seller0_.password as password4_1_0_, seller0_.pib as pib5_1_0_, roles1_.seller_id as seller_i1_2_1_, role2_.id as role_id2_2_1_, role2_.id as id1_0_2_, role2_.name as name2_0_2_, types3_.seller_id as seller_i1_3_3_, paymenttyp4_.id as type_id2_3_3_, paymenttyp4_.id as id1_4_4_, paymenttyp4_.type as type2_4_4_ from seller seller0_ left outer join seller_roles roles1_ on seller0_.id=roles1_.seller_id left outer join roles role2_ on roles1_.role_id=role2_.id left outer join seller_types types3_ on seller0_.id=types3_.seller_id left outer join types paymenttyp4_ on types3_.type_id=paymenttyp4_.id where seller0_.id=?
2021-02-07 17:48:47,472 INFO com.ws.sep.seller.controllers.AuthController [https-jsse-nio-8084-exec-8] INFO - /signin
2021-02-07 17:48:47,473 DEBUG org.hibernate.engine.jdbc.spi.SqlStatementLogger [https-jsse-nio-8084-exec-8] select seller0_.id as id1_1_, seller0_.created_at as created_2_1_, seller0_.email as email3_1_, seller0_.password as password4_1_, seller0_.pib as pib5_1_ from seller seller0_ where seller0_.email=?
2021-02-07 17:48:47,479 DEBUG org.hibernate.engine.jdbc.spi.SqlStatementLogger [https-jsse-nio-8084-exec-8] select types0_.seller_id as seller_i1_3_0_, types0_.type_id as type_id2_3_0_, paymenttyp1_.id as id1_4_1_, paymenttyp1_.type as type2_4_1_ from seller_types types0_ inner join types paymenttyp1_ on types0_.type_id=paymenttyp1_.id where types0_.seller_id=?
2021-02-07 17:48:47,483 DEBUG org.hibernate.engine.jdbc.spi.SqlStatementLogger [https-jsse-nio-8084-exec-8] select roles0_.seller_id as seller_i1_2_0_, roles0_.role_id as role_id2_2_0_, role1_.id as id1_0_1_, role1_.name as name2_0_1_ from seller_roles roles0_ inner join roles role1_ on roles0_.role_id=role1_.id where roles0_.seller_id=?
2021-02-07 17:48:47,566 INFO com.ws.sep.seller.services.AuthService [https-jsse-nio-8084-exec-8] Logged in to the system.
2021-02-07 17:48:47,579 DEBUG org.hibernate.engine.jdbc.spi.SqlStatementLogger [https-jsse-nio-8084-exec-9] select seller0_.id as id1_1_0_, seller0_.created_at as created_2_1_0_, seller0_.email as email3_1_0_, seller0_.password as password4_1_0_, seller0_.pib as pib5_1_0_, roles1_.seller_id as seller_i1_2_1_, role2_.id as role_id2_2_1_, role2_.id as id1_0_2_, role2_.name as name2_0_2_, types3_.seller_id as seller_i1_3_3_, paymenttyp4_.id as type_id2_3_3_, paymenttyp4_.id as id1_4_4_, paymenttyp4_.type as type2_4_4_ from seller seller0_ left outer join seller_roles roles1_ on seller0_.id=roles1_.seller_id left outer join roles role2_ on roles1_.role_id=role2_.id left outer join seller_types types3_ on seller0_.id=types3_.seller_id left outer join types paymenttyp4_ on types3_.type_id=paymenttyp4_.id where seller0_.id=?
2021-02-07 17:50:34,885 INFO com.netflix.discovery.shared.resolver.aws.ConfigClusterResolver [AsyncResolver-bootstrap-executor-0] Resolving eureka endpoints via configuration
2021-02-07 17:55:34,887 INFO com.netflix.discovery.shared.resolver.aws.ConfigClusterResolver [AsyncResolver-bootstrap-executor-0] Resolving eureka endpoints via configuration
2021-02-07 18:00:34,888 INFO com.netflix.discovery.shared.resolver.aws.ConfigClusterResolver [AsyncResolver-bootstrap-executor-0] Resolving eureka endpoints via configuration
2021-02-07 18:05:34,890 INFO com.netflix.discovery.shared.resolver.aws.ConfigClusterResolver [AsyncResolver-bootstrap-executor-0] Resolving eureka endpoints via configuration
2021-02-07 18:10:34,893 INFO com.netflix.discovery.shared.resolver.aws.ConfigClusterResolver [AsyncResolver-bootstrap-executor-0] Resolving eureka endpoints via configuration
