2021-02-07 09:32:42,686 INFO org.hibernate.validator.internal.util.Version [background-preinit] HV000001: Hibernate Validator 6.1.6.Final
2021-02-07 09:32:42,743 INFO org.springframework.boot.logging.DeferredLog [restartedMain] Devtools property defaults active! Set 'spring.devtools.add-properties' to 'false' to disable
2021-02-07 09:32:43,312 INFO org.springframework.boot.SpringApplication [restartedMain] No active profile set, falling back to default profiles: default
2021-02-07 09:32:44,154 INFO org.springframework.data.repository.config.RepositoryConfigurationDelegate [restartedMain] Bootstrapping Spring Data JPA repositories in DEFERRED mode.
2021-02-07 09:32:44,229 INFO org.springframework.data.repository.config.RepositoryConfigurationDelegate [restartedMain] Finished Spring Data repository scanning in 70ms. Found 4 JPA repository interfaces.
2021-02-07 09:32:44,330 WARN org.springframework.boot.actuate.endpoint.EndpointId [restartedMain] Endpoint ID 'service-registry' contains invalid characters, please migrate to a valid format.
2021-02-07 09:32:44,431 INFO org.springframework.cloud.context.scope.GenericScope [restartedMain] BeanFactory id=1b685050-0c8d-37e5-84c6-cae20a25fb3d
2021-02-07 09:32:44,914 INFO org.springframework.boot.web.embedded.tomcat.TomcatWebServer [restartedMain] Tomcat initialized with port(s): 8082 (https)
2021-02-07 09:32:44,923 INFO org.apache.juli.logging.DirectJDKLog [restartedMain] Initializing ProtocolHandler ["https-jsse-nio-8082"]
2021-02-07 09:32:44,923 INFO org.apache.juli.logging.DirectJDKLog [restartedMain] Starting service [Tomcat]
2021-02-07 09:32:44,923 INFO org.apache.juli.logging.DirectJDKLog [restartedMain] Starting Servlet engine: [Apache Tomcat/9.0.39]
2021-02-07 09:32:45,091 INFO org.apache.juli.logging.DirectJDKLog [restartedMain] Initializing Spring embedded WebApplicationContext
2021-02-07 09:32:45,091 INFO org.springframework.boot.web.servlet.context.ServletWebServerApplicationContext [restartedMain] Root WebApplicationContext: initialization completed in 1763 ms
2021-02-07 09:32:45,171 WARN com.netflix.config.sources.URLConfigurationSource [restartedMain] No URLs will be polled as dynamic configuration sources.
2021-02-07 09:32:45,172 INFO com.netflix.config.sources.URLConfigurationSource [restartedMain] To enable URLs as dynamic configuration sources, define System property archaius.configurationSource.additionalUrls or make config.properties available on classpath.
2021-02-07 09:32:45,180 INFO com.netflix.config.DynamicPropertyFactory [restartedMain] DynamicPropertyFactory is initialized with configuration sources: com.netflix.config.ConcurrentCompositeConfiguration@7fa8de7b
2021-02-07 09:32:45,340 INFO org.springframework.scheduling.concurrent.ExecutorConfigurationSupport [restartedMain] Initializing ExecutorService 'applicationTaskExecutor'
2021-02-07 09:32:45,347 INFO org.springframework.scheduling.concurrent.ExecutorConfigurationSupport [restartedMain] Initializing ExecutorService 'taskScheduler'
2021-02-07 09:32:45,379 INFO org.hibernate.jpa.internal.util.LogHelper [task-1] HHH000204: Processing PersistenceUnitInfo [name: default]
2021-02-07 09:32:45,431 INFO org.hibernate.Version [task-1] HHH000412: Hibernate ORM core version 5.4.23.Final
2021-02-07 09:32:45,572 INFO org.hibernate.annotations.common.reflection.java.JavaReflectionManager [task-1] HCANN000001: Hibernate Commons Annotations {5.1.2.Final}
2021-02-07 09:32:45,674 INFO com.zaxxer.hikari.HikariDataSource [task-1] HikariPool-1 - Starting...
2021-02-07 09:32:45,875 INFO com.zaxxer.hikari.HikariDataSource [task-1] HikariPool-1 - Start completed.
2021-02-07 09:32:45,891 INFO org.hibernate.dialect.Dialect [task-1] HHH000400: Using dialect: org.hibernate.dialect.MySQL5InnoDBDialect
2021-02-07 09:32:46,012 INFO com.netflix.discovery.provider.DiscoveryJerseyProvider [restartedMain] Using JSON encoding codec LegacyJacksonJson
2021-02-07 09:32:46,013 INFO com.netflix.discovery.provider.DiscoveryJerseyProvider [restartedMain] Using JSON decoding codec LegacyJacksonJson
2021-02-07 09:32:46,152 INFO com.netflix.discovery.provider.DiscoveryJerseyProvider [restartedMain] Using XML encoding codec XStreamXml
2021-02-07 09:32:46,152 INFO com.netflix.discovery.provider.DiscoveryJerseyProvider [restartedMain] Using XML decoding codec XStreamXml
2021-02-07 09:32:46,598 WARN com.netflix.config.sources.URLConfigurationSource [restartedMain] No URLs will be polled as dynamic configuration sources.
2021-02-07 09:32:46,598 INFO com.netflix.config.sources.URLConfigurationSource [restartedMain] To enable URLs as dynamic configuration sources, define System property archaius.configurationSource.additionalUrls or make config.properties available on classpath.
2021-02-07 09:32:46,620 INFO org.hibernate.engine.transaction.jta.platform.internal.JtaPlatformInitiator [task-1] HHH000490: Using JtaPlatform implementation: [org.hibernate.engine.transaction.jta.platform.internal.NoJtaPlatform]
2021-02-07 09:32:46,627 INFO org.springframework.orm.jpa.AbstractEntityManagerFactoryBean [task-1] Initialized JPA EntityManagerFactory for persistence unit 'default'
2021-02-07 09:32:46,645 WARN org.springframework.boot.autoconfigure.orm.jpa.JpaBaseConfiguration$JpaWebConfiguration [restartedMain] spring.jpa.open-in-view is enabled by default. Therefore, database queries may be performed during view rendering. Explicitly configure spring.jpa.open-in-view to disable this warning
2021-02-07 09:32:46,887 WARN org.springframework.boot.devtools.autoconfigure.OptionalLiveReloadServer [task-2] Unable to start LiveReload server
2021-02-07 09:32:47,677 WARN org.springframework.cloud.loadbalancer.config.BlockingLoadBalancerClientAutoConfiguration$BlockingLoadBalancerClientRibbonWarnLogger [restartedMain] You already have RibbonLoadBalancerClient on your classpath. It will be used by default. As Spring Cloud Ribbon is in maintenance mode. We recommend switching to BlockingLoadBalancerClient instead. In order to use it, set the value of `spring.cloud.loadbalancer.ribbon.enabled` to `false` or remove spring-cloud-starter-netflix-ribbon from your project.
2021-02-07 09:32:47,706 INFO org.springframework.boot.actuate.endpoint.web.EndpointLinksResolver [restartedMain] Exposing 2 endpoint(s) beneath base path '/actuator'
2021-02-07 09:32:47,766 INFO org.springframework.cloud.netflix.eureka.InstanceInfoFactory [restartedMain] Setting initial instance status as: STARTING
2021-02-07 09:32:47,771 INFO com.netflix.discovery.DiscoveryClient [restartedMain] Initializing Eureka in region us-east-1
2021-02-07 09:32:47,783 INFO com.netflix.discovery.shared.resolver.aws.ConfigClusterResolver [restartedMain] Resolving eureka endpoints via configuration
2021-02-07 09:32:47,966 INFO com.netflix.discovery.DiscoveryClient [restartedMain] Disable delta property : false
2021-02-07 09:32:47,966 INFO com.netflix.discovery.DiscoveryClient [restartedMain] Single vip registry refresh property : null
2021-02-07 09:32:47,966 INFO com.netflix.discovery.DiscoveryClient [restartedMain] Force full registry fetch : false
2021-02-07 09:32:47,966 INFO com.netflix.discovery.DiscoveryClient [restartedMain] Application is null : false
2021-02-07 09:32:47,967 INFO com.netflix.discovery.DiscoveryClient [restartedMain] Registered Applications size is zero : true
2021-02-07 09:32:47,967 INFO com.netflix.discovery.DiscoveryClient [restartedMain] Application version is -1: true
2021-02-07 09:32:47,967 INFO com.netflix.discovery.DiscoveryClient [restartedMain] Getting all instance registry info from the eureka server
2021-02-07 09:32:48,166 INFO com.netflix.discovery.DiscoveryClient [restartedMain] The response status is 200
2021-02-07 09:32:48,167 INFO com.netflix.discovery.DiscoveryClient [restartedMain] Starting heartbeat executor: renew interval is: 30
2021-02-07 09:32:48,170 INFO com.netflix.discovery.InstanceInfoReplicator [restartedMain] InstanceInfoReplicator onDemand update allowed rate per min is 4
2021-02-07 09:32:48,173 INFO com.netflix.discovery.DiscoveryClient [restartedMain] Discovery Client initialized at timestamp 1612686768172 with initial instances count: 3
2021-02-07 09:32:48,175 INFO org.springframework.cloud.netflix.eureka.serviceregistry.EurekaServiceRegistry [restartedMain] Registering application PAY-PAL-SERVICE with eureka with status UP
2021-02-07 09:32:48,176 INFO com.netflix.discovery.DiscoveryClient$3 [restartedMain] Saw local status change event StatusChangeEvent [timestamp=1612686768176, current=UP, previous=STARTING]
2021-02-07 09:32:48,177 INFO com.netflix.discovery.DiscoveryClient [DiscoveryClient-InstanceInfoReplicator-0] DiscoveryClient_PAY-PAL-SERVICE/DESKTOP-B4MQFE7:pay-pal-service:8082: registering service...
2021-02-07 09:32:48,177 INFO org.apache.juli.logging.DirectJDKLog [restartedMain] Starting ProtocolHandler ["https-jsse-nio-8082"]
2021-02-07 09:32:48,204 INFO com.netflix.discovery.DiscoveryClient [DiscoveryClient-InstanceInfoReplicator-0] DiscoveryClient_PAY-PAL-SERVICE/DESKTOP-B4MQFE7:pay-pal-service:8082 - registration status: 204
2021-02-07 09:32:48,389 INFO org.springframework.boot.web.embedded.tomcat.TomcatWebServer [restartedMain] Tomcat started on port(s): 8082 (https) with context path ''
2021-02-07 09:32:48,390 INFO org.springframework.cloud.netflix.eureka.serviceregistry.EurekaAutoServiceRegistration [restartedMain] Updating port to 8082
2021-02-07 09:32:48,660 INFO org.springframework.data.repository.config.DeferredRepositoryInitializationListener [restartedMain] Triggering deferred initialization of Spring Data repositories…
2021-02-07 09:32:48,935 INFO org.springframework.data.repository.config.DeferredRepositoryInitializationListener [restartedMain] Spring Data repositories initialized!
2021-02-07 09:32:48,945 INFO com.ws.sep.paypalservice.tasks.PendingTasksSchedule [scheduling-1] Start scheduling
2021-02-07 09:32:48,947 INFO org.springframework.boot.StartupInfoLogger [restartedMain] Started PayPalServiceApplication in 6.956 seconds (JVM running for 8.088)
2021-02-07 09:32:48,988 INFO com.ws.sep.paypalservice.tasks.PendingTasksSchedule [scheduling-1] End scheduling
2021-02-07 09:32:49,540 INFO org.apache.juli.logging.DirectJDKLog [RMI TCP Connection(2)-192.168.0.11] Initializing Spring DispatcherServlet 'dispatcherServlet'
2021-02-07 09:32:49,541 INFO org.springframework.web.servlet.FrameworkServlet [RMI TCP Connection(2)-192.168.0.11] Initializing Servlet 'dispatcherServlet'
2021-02-07 09:32:49,546 INFO org.springframework.web.servlet.FrameworkServlet [RMI TCP Connection(2)-192.168.0.11] Completed initialization in 5 ms
2021-02-07 09:35:19,440 INFO com.ws.sep.paypalservice.controllers.PaypalController [https-jsse-nio-8082-exec-6] INFO - /form
2021-02-07 09:37:47,969 INFO com.netflix.discovery.shared.resolver.aws.ConfigClusterResolver [AsyncResolver-bootstrap-executor-0] Resolving eureka endpoints via configuration
2021-02-07 09:38:15,925 INFO com.ws.sep.paypalservice.controllers.PaypalController [https-jsse-nio-8082-exec-3] INFO - /form
2021-02-07 09:38:29,554 INFO com.ws.sep.paypalservice.controllers.PaypalController [https-jsse-nio-8082-exec-4] INFO - /form
2021-02-07 09:38:36,638 INFO com.ws.sep.paypalservice.controllers.PaypalController [https-jsse-nio-8082-exec-5] INFO - /form
2021-02-07 09:39:23,630 INFO com.ws.sep.paypalservice.controllers.PaypalController [https-jsse-nio-8082-exec-6] INFO - /form
2021-02-07 09:42:47,970 INFO com.netflix.discovery.shared.resolver.aws.ConfigClusterResolver [AsyncResolver-bootstrap-executor-0] Resolving eureka endpoints via configuration
2021-02-07 09:43:49,213 INFO com.ws.sep.paypalservice.controllers.PaypalController [https-jsse-nio-8082-exec-5] INFO - /form
2021-02-07 09:44:12,324 INFO com.ws.sep.paypalservice.controllers.PaypalController [https-jsse-nio-8082-exec-6] INFO - /form
2021-02-07 09:44:31,863 INFO com.ws.sep.paypalservice.controllers.PaypalController [https-jsse-nio-8082-exec-7] INFO - /form
2021-02-07 09:44:38,774 INFO com.ws.sep.paypalservice.controllers.PaypalController [https-jsse-nio-8082-exec-8] INFO - /form
2021-02-07 09:47:47,972 INFO com.netflix.discovery.shared.resolver.aws.ConfigClusterResolver [AsyncResolver-bootstrap-executor-0] Resolving eureka endpoints via configuration
2021-02-07 09:48:40,561 INFO com.ws.sep.paypalservice.controllers.PaypalController [https-jsse-nio-8082-exec-5] INFO - /form
2021-02-07 09:48:50,042 INFO com.ws.sep.paypalservice.controllers.PaypalController [https-jsse-nio-8082-exec-6] INFO - /form
2021-02-07 09:48:59,488 INFO com.ws.sep.paypalservice.controllers.PaypalController [https-jsse-nio-8082-exec-7] INFO - /form
2021-02-07 09:52:47,975 INFO com.netflix.discovery.shared.resolver.aws.ConfigClusterResolver [AsyncResolver-bootstrap-executor-0] Resolving eureka endpoints via configuration
2021-02-07 09:57:47,977 INFO com.netflix.discovery.shared.resolver.aws.ConfigClusterResolver [AsyncResolver-bootstrap-executor-0] Resolving eureka endpoints via configuration
2021-02-07 10:02:47,980 INFO com.netflix.discovery.shared.resolver.aws.ConfigClusterResolver [AsyncResolver-bootstrap-executor-0] Resolving eureka endpoints via configuration
2021-02-07 10:02:49,003 INFO com.ws.sep.paypalservice.tasks.PendingTasksSchedule [scheduling-1] Start scheduling
2021-02-07 10:02:49,120 INFO com.ws.sep.paypalservice.tasks.PendingTasksSchedule [scheduling-1] End scheduling
2021-02-07 10:07:47,983 INFO com.netflix.discovery.shared.resolver.aws.ConfigClusterResolver [AsyncResolver-bootstrap-executor-0] Resolving eureka endpoints via configuration
2021-02-07 10:12:47,984 INFO com.netflix.discovery.shared.resolver.aws.ConfigClusterResolver [AsyncResolver-bootstrap-executor-0] Resolving eureka endpoints via configuration
2021-02-07 10:14:08,279 INFO com.ws.sep.paypalservice.controllers.PaypalController [https-jsse-nio-8082-exec-4] INFO - /form
2021-02-07 10:16:21,040 INFO com.ws.sep.paypalservice.controllers.PaypalController [https-jsse-nio-8082-exec-1] INFO - /form
2021-02-07 10:17:47,987 INFO com.netflix.discovery.shared.resolver.aws.ConfigClusterResolver [AsyncResolver-bootstrap-executor-0] Resolving eureka endpoints via configuration
2021-02-07 10:21:05,538 INFO com.ws.sep.paypalservice.controllers.PaypalController [https-jsse-nio-8082-exec-7] INFO - /form
2021-02-07 10:22:47,989 INFO com.netflix.discovery.shared.resolver.aws.ConfigClusterResolver [AsyncResolver-bootstrap-executor-0] Resolving eureka endpoints via configuration
2021-02-07 10:27:47,991 INFO com.netflix.discovery.shared.resolver.aws.ConfigClusterResolver [AsyncResolver-bootstrap-executor-0] Resolving eureka endpoints via configuration
2021-02-07 10:32:47,993 INFO com.netflix.discovery.shared.resolver.aws.ConfigClusterResolver [AsyncResolver-bootstrap-executor-0] Resolving eureka endpoints via configuration
2021-02-07 10:32:49,131 INFO com.ws.sep.paypalservice.tasks.PendingTasksSchedule [scheduling-1] Start scheduling
2021-02-07 10:32:49,173 INFO com.ws.sep.paypalservice.tasks.PendingTasksSchedule [scheduling-1] End scheduling
2021-02-07 10:37:47,995 INFO com.netflix.discovery.shared.resolver.aws.ConfigClusterResolver [AsyncResolver-bootstrap-executor-0] Resolving eureka endpoints via configuration
2021-02-07 10:42:47,996 INFO com.netflix.discovery.shared.resolver.aws.ConfigClusterResolver [AsyncResolver-bootstrap-executor-0] Resolving eureka endpoints via configuration
2021-02-07 10:47:47,998 INFO com.netflix.discovery.shared.resolver.aws.ConfigClusterResolver [AsyncResolver-bootstrap-executor-0] Resolving eureka endpoints via configuration
2021-02-07 10:52:48,000 INFO com.netflix.discovery.shared.resolver.aws.ConfigClusterResolver [AsyncResolver-bootstrap-executor-0] Resolving eureka endpoints via configuration
2021-02-07 10:57:48,001 INFO com.netflix.discovery.shared.resolver.aws.ConfigClusterResolver [AsyncResolver-bootstrap-executor-0] Resolving eureka endpoints via configuration
2021-02-07 11:02:48,004 INFO com.netflix.discovery.shared.resolver.aws.ConfigClusterResolver [AsyncResolver-bootstrap-executor-0] Resolving eureka endpoints via configuration
2021-02-07 11:02:49,181 INFO com.ws.sep.paypalservice.tasks.PendingTasksSchedule [scheduling-1] Start scheduling
2021-02-07 11:02:49,237 INFO com.ws.sep.paypalservice.tasks.PendingTasksSchedule [scheduling-1] End scheduling
2021-02-07 11:07:48,005 INFO com.netflix.discovery.shared.resolver.aws.ConfigClusterResolver [AsyncResolver-bootstrap-executor-0] Resolving eureka endpoints via configuration
2021-02-07 11:12:48,008 INFO com.netflix.discovery.shared.resolver.aws.ConfigClusterResolver [AsyncResolver-bootstrap-executor-0] Resolving eureka endpoints via configuration
2021-02-07 11:17:48,012 INFO com.netflix.discovery.shared.resolver.aws.ConfigClusterResolver [AsyncResolver-bootstrap-executor-0] Resolving eureka endpoints via configuration
2021-02-07 11:20:51,229 INFO com.ws.sep.paypalservice.controllers.PaypalController [https-jsse-nio-8082-exec-5] INFO - /form
2021-02-07 11:22:48,014 INFO com.netflix.discovery.shared.resolver.aws.ConfigClusterResolver [AsyncResolver-bootstrap-executor-0] Resolving eureka endpoints via configuration
2021-02-07 11:23:48,827 INFO com.ws.sep.paypalservice.controllers.PaypalController [https-jsse-nio-8082-exec-2] INFO - /form
2021-02-07 15:50:04,542 INFO org.hibernate.validator.internal.util.Version [background-preinit] HV000001: Hibernate Validator 6.1.6.Final
2021-02-07 15:50:04,587 INFO org.springframework.boot.logging.DeferredLog [restartedMain] Devtools property defaults active! Set 'spring.devtools.add-properties' to 'false' to disable
2021-02-07 15:50:05,539 INFO org.springframework.boot.SpringApplication [restartedMain] No active profile set, falling back to default profiles: default
2021-02-07 15:50:09,155 INFO org.springframework.data.repository.config.RepositoryConfigurationDelegate [restartedMain] Bootstrapping Spring Data JPA repositories in DEFERRED mode.
2021-02-07 15:50:09,401 INFO org.springframework.data.repository.config.RepositoryConfigurationDelegate [restartedMain] Finished Spring Data repository scanning in 230ms. Found 4 JPA repository interfaces.
2021-02-07 15:50:09,663 WARN org.springframework.boot.actuate.endpoint.EndpointId [restartedMain] Endpoint ID 'service-registry' contains invalid characters, please migrate to a valid format.
2021-02-07 15:50:09,927 INFO org.springframework.cloud.context.scope.GenericScope [restartedMain] BeanFactory id=1b685050-0c8d-37e5-84c6-cae20a25fb3d
2021-02-07 15:50:10,934 INFO org.springframework.boot.web.embedded.tomcat.TomcatWebServer [restartedMain] Tomcat initialized with port(s): 8082 (https)
2021-02-07 15:50:10,946 INFO org.apache.juli.logging.DirectJDKLog [restartedMain] Initializing ProtocolHandler ["https-jsse-nio-8082"]
2021-02-07 15:50:10,947 INFO org.apache.juli.logging.DirectJDKLog [restartedMain] Starting service [Tomcat]
2021-02-07 15:50:10,948 INFO org.apache.juli.logging.DirectJDKLog [restartedMain] Starting Servlet engine: [Apache Tomcat/9.0.39]
2021-02-07 15:50:12,336 INFO org.apache.juli.logging.DirectJDKLog [restartedMain] Initializing Spring embedded WebApplicationContext
2021-02-07 15:50:12,337 INFO org.springframework.boot.web.servlet.context.ServletWebServerApplicationContext [restartedMain] Root WebApplicationContext: initialization completed in 6778 ms
2021-02-07 15:50:12,963 WARN com.netflix.config.sources.URLConfigurationSource [restartedMain] No URLs will be polled as dynamic configuration sources.
2021-02-07 15:50:12,965 INFO com.netflix.config.sources.URLConfigurationSource [restartedMain] To enable URLs as dynamic configuration sources, define System property archaius.configurationSource.additionalUrls or make config.properties available on classpath.
2021-02-07 15:50:12,997 INFO com.netflix.config.DynamicPropertyFactory [restartedMain] DynamicPropertyFactory is initialized with configuration sources: com.netflix.config.ConcurrentCompositeConfiguration@6aca0adc
2021-02-07 15:50:13,648 INFO org.springframework.scheduling.concurrent.ExecutorConfigurationSupport [restartedMain] Initializing ExecutorService 'applicationTaskExecutor'
2021-02-07 15:50:13,676 INFO org.springframework.scheduling.concurrent.ExecutorConfigurationSupport [restartedMain] Initializing ExecutorService 'taskScheduler'
2021-02-07 15:50:13,735 INFO org.hibernate.jpa.internal.util.LogHelper [task-1] HHH000204: Processing PersistenceUnitInfo [name: default]
2021-02-07 15:50:13,849 INFO org.hibernate.Version [task-1] HHH000412: Hibernate ORM core version 5.4.23.Final
2021-02-07 15:50:14,400 INFO org.hibernate.annotations.common.reflection.java.JavaReflectionManager [task-1] HCANN000001: Hibernate Commons Annotations {5.1.2.Final}
2021-02-07 15:50:14,779 INFO com.zaxxer.hikari.HikariDataSource [task-1] HikariPool-1 - Starting...
2021-02-07 15:50:15,199 INFO com.zaxxer.hikari.HikariDataSource [task-1] HikariPool-1 - Start completed.
2021-02-07 15:50:15,257 INFO org.hibernate.dialect.Dialect [task-1] HHH000400: Using dialect: org.hibernate.dialect.MySQL5InnoDBDialect
2021-02-07 15:50:15,435 INFO com.netflix.discovery.provider.DiscoveryJerseyProvider [restartedMain] Using JSON encoding codec LegacyJacksonJson
2021-02-07 15:50:15,436 INFO com.netflix.discovery.provider.DiscoveryJerseyProvider [restartedMain] Using JSON decoding codec LegacyJacksonJson
2021-02-07 15:50:15,781 INFO com.netflix.discovery.provider.DiscoveryJerseyProvider [restartedMain] Using XML encoding codec XStreamXml
2021-02-07 15:50:15,782 INFO com.netflix.discovery.provider.DiscoveryJerseyProvider [restartedMain] Using XML decoding codec XStreamXml
2021-02-07 15:50:17,568 WARN com.netflix.config.sources.URLConfigurationSource [restartedMain] No URLs will be polled as dynamic configuration sources.
2021-02-07 15:50:17,569 INFO com.netflix.config.sources.URLConfigurationSource [restartedMain] To enable URLs as dynamic configuration sources, define System property archaius.configurationSource.additionalUrls or make config.properties available on classpath.
2021-02-07 15:50:17,921 WARN org.springframework.boot.autoconfigure.orm.jpa.JpaBaseConfiguration$JpaWebConfiguration [restartedMain] spring.jpa.open-in-view is enabled by default. Therefore, database queries may be performed during view rendering. Explicitly configure spring.jpa.open-in-view to disable this warning
2021-02-07 15:50:18,165 INFO org.hibernate.engine.transaction.jta.platform.internal.JtaPlatformInitiator [task-1] HHH000490: Using JtaPlatform implementation: [org.hibernate.engine.transaction.jta.platform.internal.NoJtaPlatform]
2021-02-07 15:50:18,239 INFO org.springframework.orm.jpa.AbstractEntityManagerFactoryBean [task-1] Initialized JPA EntityManagerFactory for persistence unit 'default'
2021-02-07 15:50:19,263 WARN org.springframework.boot.devtools.autoconfigure.OptionalLiveReloadServer [task-2] Unable to start LiveReload server
2021-02-07 15:50:22,603 WARN org.springframework.cloud.loadbalancer.config.BlockingLoadBalancerClientAutoConfiguration$BlockingLoadBalancerClientRibbonWarnLogger [restartedMain] You already have RibbonLoadBalancerClient on your classpath. It will be used by default. As Spring Cloud Ribbon is in maintenance mode. We recommend switching to BlockingLoadBalancerClient instead. In order to use it, set the value of `spring.cloud.loadbalancer.ribbon.enabled` to `false` or remove spring-cloud-starter-netflix-ribbon from your project.
2021-02-07 15:50:22,669 INFO org.springframework.boot.actuate.endpoint.web.EndpointLinksResolver [restartedMain] Exposing 2 endpoint(s) beneath base path '/actuator'
2021-02-07 15:50:22,795 INFO org.springframework.cloud.netflix.eureka.InstanceInfoFactory [restartedMain] Setting initial instance status as: STARTING
2021-02-07 15:50:22,808 INFO com.netflix.discovery.DiscoveryClient [restartedMain] Initializing Eureka in region us-east-1
2021-02-07 15:50:22,844 INFO com.netflix.discovery.shared.resolver.aws.ConfigClusterResolver [restartedMain] Resolving eureka endpoints via configuration
2021-02-07 15:50:23,749 INFO com.netflix.discovery.DiscoveryClient [restartedMain] Disable delta property : false
2021-02-07 15:50:23,750 INFO com.netflix.discovery.DiscoveryClient [restartedMain] Single vip registry refresh property : null
2021-02-07 15:50:23,750 INFO com.netflix.discovery.DiscoveryClient [restartedMain] Force full registry fetch : false
2021-02-07 15:50:23,751 INFO com.netflix.discovery.DiscoveryClient [restartedMain] Application is null : false
2021-02-07 15:50:23,751 INFO com.netflix.discovery.DiscoveryClient [restartedMain] Registered Applications size is zero : true
2021-02-07 15:50:23,751 INFO com.netflix.discovery.DiscoveryClient [restartedMain] Application version is -1: true
2021-02-07 15:50:23,752 INFO com.netflix.discovery.DiscoveryClient [restartedMain] Getting all instance registry info from the eureka server
2021-02-07 15:50:24,139 INFO com.netflix.discovery.DiscoveryClient [restartedMain] The response status is 200
2021-02-07 15:50:24,141 INFO com.netflix.discovery.DiscoveryClient [restartedMain] Starting heartbeat executor: renew interval is: 30
2021-02-07 15:50:24,145 INFO com.netflix.discovery.InstanceInfoReplicator [restartedMain] InstanceInfoReplicator onDemand update allowed rate per min is 4
2021-02-07 15:50:24,150 INFO com.netflix.discovery.DiscoveryClient [restartedMain] Discovery Client initialized at timestamp 1612709424149 with initial instances count: 0
2021-02-07 15:50:24,155 INFO org.springframework.cloud.netflix.eureka.serviceregistry.EurekaServiceRegistry [restartedMain] Registering application PAY-PAL-SERVICE with eureka with status UP
2021-02-07 15:50:24,156 INFO com.netflix.discovery.DiscoveryClient$3 [restartedMain] Saw local status change event StatusChangeEvent [timestamp=1612709424156, current=UP, previous=STARTING]
2021-02-07 15:50:24,159 INFO org.apache.juli.logging.DirectJDKLog [restartedMain] Starting ProtocolHandler ["https-jsse-nio-8082"]
2021-02-07 15:50:24,159 INFO com.netflix.discovery.DiscoveryClient [DiscoveryClient-InstanceInfoReplicator-0] DiscoveryClient_PAY-PAL-SERVICE/DESKTOP-B4MQFE7:pay-pal-service:8082: registering service...
2021-02-07 15:50:24,250 INFO com.netflix.discovery.DiscoveryClient [DiscoveryClient-InstanceInfoReplicator-0] DiscoveryClient_PAY-PAL-SERVICE/DESKTOP-B4MQFE7:pay-pal-service:8082 - registration status: 204
2021-02-07 15:50:24,653 INFO org.springframework.boot.web.embedded.tomcat.TomcatWebServer [restartedMain] Tomcat started on port(s): 8082 (https) with context path ''
2021-02-07 15:50:24,654 INFO org.springframework.cloud.netflix.eureka.serviceregistry.EurekaAutoServiceRegistration [restartedMain] Updating port to 8082
2021-02-07 15:50:25,785 INFO org.springframework.data.repository.config.DeferredRepositoryInitializationListener [restartedMain] Triggering deferred initialization of Spring Data repositories…
2021-02-07 15:50:27,117 INFO org.springframework.data.repository.config.DeferredRepositoryInitializationListener [restartedMain] Spring Data repositories initialized!
2021-02-07 15:50:27,165 INFO com.ws.sep.paypalservice.tasks.PendingTasksSchedule [scheduling-1] Start scheduling
2021-02-07 15:50:27,169 INFO org.springframework.boot.StartupInfoLogger [restartedMain] Started PayPalServiceApplication in 23.764 seconds (JVM running for 25.496)
2021-02-07 15:50:27,257 INFO com.ws.sep.paypalservice.tasks.PendingTasksSchedule [scheduling-1] End scheduling
2021-02-07 15:50:27,444 INFO org.apache.juli.logging.DirectJDKLog [RMI TCP Connection(5)-192.168.0.10] Initializing Spring DispatcherServlet 'dispatcherServlet'
2021-02-07 15:50:27,444 INFO org.springframework.web.servlet.FrameworkServlet [RMI TCP Connection(5)-192.168.0.10] Initializing Servlet 'dispatcherServlet'
2021-02-07 15:50:27,454 INFO org.springframework.web.servlet.FrameworkServlet [RMI TCP Connection(5)-192.168.0.10] Completed initialization in 9 ms
2021-02-07 15:50:54,141 INFO com.netflix.discovery.DiscoveryClient [DiscoveryClient-CacheRefreshExecutor-0] Disable delta property : false
2021-02-07 15:50:54,142 INFO com.netflix.discovery.DiscoveryClient [DiscoveryClient-CacheRefreshExecutor-0] Single vip registry refresh property : null
2021-02-07 15:50:54,142 INFO com.netflix.discovery.DiscoveryClient [DiscoveryClient-CacheRefreshExecutor-0] Force full registry fetch : false
2021-02-07 15:50:54,142 INFO com.netflix.discovery.DiscoveryClient [DiscoveryClient-CacheRefreshExecutor-0] Application is null : false
2021-02-07 15:50:54,142 INFO com.netflix.discovery.DiscoveryClient [DiscoveryClient-CacheRefreshExecutor-0] Registered Applications size is zero : true
2021-02-07 15:50:54,142 INFO com.netflix.discovery.DiscoveryClient [DiscoveryClient-CacheRefreshExecutor-0] Application version is -1: false
2021-02-07 15:50:54,142 INFO com.netflix.discovery.DiscoveryClient [DiscoveryClient-CacheRefreshExecutor-0] Getting all instance registry info from the eureka server
2021-02-07 15:50:54,214 INFO com.netflix.discovery.DiscoveryClient [DiscoveryClient-CacheRefreshExecutor-0] The response status is 200
2021-02-07 15:55:23,758 INFO com.netflix.discovery.shared.resolver.aws.ConfigClusterResolver [AsyncResolver-bootstrap-executor-0] Resolving eureka endpoints via configuration
2021-02-07 16:00:23,769 INFO com.netflix.discovery.shared.resolver.aws.ConfigClusterResolver [AsyncResolver-bootstrap-executor-0] Resolving eureka endpoints via configuration
2021-02-07 16:05:23,770 INFO com.netflix.discovery.shared.resolver.aws.ConfigClusterResolver [AsyncResolver-bootstrap-executor-0] Resolving eureka endpoints via configuration
2021-02-07 16:10:23,774 INFO com.netflix.discovery.shared.resolver.aws.ConfigClusterResolver [AsyncResolver-bootstrap-executor-0] Resolving eureka endpoints via configuration
2021-02-07 16:15:23,774 INFO com.netflix.discovery.shared.resolver.aws.ConfigClusterResolver [AsyncResolver-bootstrap-executor-0] Resolving eureka endpoints via configuration
2021-02-07 16:20:23,776 INFO com.netflix.discovery.shared.resolver.aws.ConfigClusterResolver [AsyncResolver-bootstrap-executor-0] Resolving eureka endpoints via configuration
2021-02-07 16:20:27,263 INFO com.ws.sep.paypalservice.tasks.PendingTasksSchedule [scheduling-1] Start scheduling
2021-02-07 16:20:27,445 INFO com.ws.sep.paypalservice.tasks.PendingTasksSchedule [scheduling-1] End scheduling
2021-02-07 16:25:23,778 INFO com.netflix.discovery.shared.resolver.aws.ConfigClusterResolver [AsyncResolver-bootstrap-executor-0] Resolving eureka endpoints via configuration
2021-02-07 16:30:23,780 INFO com.netflix.discovery.shared.resolver.aws.ConfigClusterResolver [AsyncResolver-bootstrap-executor-0] Resolving eureka endpoints via configuration
2021-02-07 16:35:23,784 INFO com.netflix.discovery.shared.resolver.aws.ConfigClusterResolver [AsyncResolver-bootstrap-executor-0] Resolving eureka endpoints via configuration
2021-02-07 16:40:23,788 INFO com.netflix.discovery.shared.resolver.aws.ConfigClusterResolver [AsyncResolver-bootstrap-executor-0] Resolving eureka endpoints via configuration
2021-02-07 16:45:23,791 INFO com.netflix.discovery.shared.resolver.aws.ConfigClusterResolver [AsyncResolver-bootstrap-executor-0] Resolving eureka endpoints via configuration
2021-02-07 16:50:23,792 INFO com.netflix.discovery.shared.resolver.aws.ConfigClusterResolver [AsyncResolver-bootstrap-executor-0] Resolving eureka endpoints via configuration
2021-02-07 16:50:27,460 INFO com.ws.sep.paypalservice.tasks.PendingTasksSchedule [scheduling-1] Start scheduling
2021-02-07 16:50:27,572 INFO com.ws.sep.paypalservice.tasks.PendingTasksSchedule [scheduling-1] End scheduling
2021-02-07 16:55:23,796 INFO com.netflix.discovery.shared.resolver.aws.ConfigClusterResolver [AsyncResolver-bootstrap-executor-0] Resolving eureka endpoints via configuration
2021-02-07 17:00:23,807 INFO com.netflix.discovery.shared.resolver.aws.ConfigClusterResolver [AsyncResolver-bootstrap-executor-0] Resolving eureka endpoints via configuration
2021-02-07 17:05:23,809 INFO com.netflix.discovery.shared.resolver.aws.ConfigClusterResolver [AsyncResolver-bootstrap-executor-0] Resolving eureka endpoints via configuration
2021-02-07 17:10:23,811 INFO com.netflix.discovery.shared.resolver.aws.ConfigClusterResolver [AsyncResolver-bootstrap-executor-0] Resolving eureka endpoints via configuration
2021-02-07 17:14:53,541 INFO com.ws.sep.paypalservice.controllers.PaypalController [https-jsse-nio-8082-exec-7] INFO - /form
2021-02-07 17:15:07,241 INFO com.ws.sep.paypalservice.controllers.PaypalController [https-jsse-nio-8082-exec-5] INFO - /form
2021-02-07 17:15:13,486 INFO com.ws.sep.paypalservice.controllers.PaypalController [https-jsse-nio-8082-exec-10] INFO - /form
2021-02-07 17:15:23,812 INFO com.netflix.discovery.shared.resolver.aws.ConfigClusterResolver [AsyncResolver-bootstrap-executor-0] Resolving eureka endpoints via configuration
2021-02-07 17:17:09,356 INFO com.ws.sep.paypalservice.controllers.PaypalController [https-jsse-nio-8082-exec-6] INFO - /form
2021-02-07 17:20:23,815 INFO com.netflix.discovery.shared.resolver.aws.ConfigClusterResolver [AsyncResolver-bootstrap-executor-0] Resolving eureka endpoints via configuration
2021-02-07 17:20:27,575 INFO com.ws.sep.paypalservice.tasks.PendingTasksSchedule [scheduling-1] Start scheduling
2021-02-07 17:20:27,597 INFO com.ws.sep.paypalservice.tasks.PendingTasksSchedule [scheduling-1] End scheduling
2021-02-07 17:25:23,817 INFO com.netflix.discovery.shared.resolver.aws.ConfigClusterResolver [AsyncResolver-bootstrap-executor-0] Resolving eureka endpoints via configuration
2021-02-07 17:30:23,819 INFO com.netflix.discovery.shared.resolver.aws.ConfigClusterResolver [AsyncResolver-bootstrap-executor-0] Resolving eureka endpoints via configuration
2021-02-07 17:35:23,822 INFO com.netflix.discovery.shared.resolver.aws.ConfigClusterResolver [AsyncResolver-bootstrap-executor-0] Resolving eureka endpoints via configuration
2021-02-07 17:40:23,824 INFO com.netflix.discovery.shared.resolver.aws.ConfigClusterResolver [AsyncResolver-bootstrap-executor-0] Resolving eureka endpoints via configuration
2021-02-07 17:45:23,837 INFO com.netflix.discovery.shared.resolver.aws.ConfigClusterResolver [AsyncResolver-bootstrap-executor-0] Resolving eureka endpoints via configuration
2021-02-07 17:47:40,920 INFO com.ws.sep.paypalservice.controllers.PaypalController [https-jsse-nio-8082-exec-2] INFO - /subscription
2021-02-07 17:47:41,401 INFO com.ws.sep.paypalservice.services.SellerInfoService [https-jsse-nio-8082-exec-2] Successfully returned billing plan
2021-02-07 17:47:42,942 INFO com.ws.sep.paypalservice.services.SellerInfoService [https-jsse-nio-8082-exec-2] Successful returned api context.
2021-02-07 17:47:44,712 INFO com.ws.sep.paypalservice.services.SellerInfoService [https-jsse-nio-8082-exec-2] Successfully created subscription. User ID: 8
2021-02-07 17:48:13,649 INFO com.ws.sep.paypalservice.controllers.PaypalController [https-jsse-nio-8082-exec-4] INFO - /pay
2021-02-07 17:48:14,520 INFO com.ws.sep.paypalservice.services.SellerInfoService [https-jsse-nio-8082-exec-4] Successful returned api context.
2021-02-07 17:48:16,071 INFO com.ws.sep.paypalservice.services.SellerInfoService [https-jsse-nio-8082-exec-4] Successfully executed subscription. User ID: 8
2021-02-07 17:50:23,840 INFO com.netflix.discovery.shared.resolver.aws.ConfigClusterResolver [AsyncResolver-bootstrap-executor-0] Resolving eureka endpoints via configuration
2021-02-07 17:50:27,599 INFO com.ws.sep.paypalservice.tasks.PendingTasksSchedule [scheduling-1] Start scheduling
2021-02-07 17:50:27,611 INFO com.ws.sep.paypalservice.tasks.PendingTasksSchedule [scheduling-1] End scheduling
2021-02-07 17:55:23,841 INFO com.netflix.discovery.shared.resolver.aws.ConfigClusterResolver [AsyncResolver-bootstrap-executor-0] Resolving eureka endpoints via configuration
2021-02-07 18:00:23,843 INFO com.netflix.discovery.shared.resolver.aws.ConfigClusterResolver [AsyncResolver-bootstrap-executor-0] Resolving eureka endpoints via configuration
2021-02-07 18:05:23,845 INFO com.netflix.discovery.shared.resolver.aws.ConfigClusterResolver [AsyncResolver-bootstrap-executor-0] Resolving eureka endpoints via configuration
2021-02-07 18:10:23,847 INFO com.netflix.discovery.shared.resolver.aws.ConfigClusterResolver [AsyncResolver-bootstrap-executor-0] Resolving eureka endpoints via configuration
